
[2025-05-30 14:05:59.054]# SEND ASCII>
?
[2025-05-30 14:05:59.118]# RECV HEX>
21 01 01 17 02 10 00 06 07 00 12 08 07 10 03 07 04 06 10 00 01 

[2025-05-30 14:05:59.166]# SEND ASCII>
?
[2025-05-30 14:05:59.245]# RECV HEX>
21 01 01 17 02 10 00 06 07 00 12 08 07 10 03 07 04 06 10 00 01 

[2025-05-30 14:05:59.261]# SEND ASCII>
?
[2025-05-30 14:05:59.340]# RECV HEX>
21 01 01 17 02 10 00 06 07 00 12 08 03 10 03 07 01 06 10 00 02 

[2025-05-30 14:05:59.372]# SEND ASCII>
?
[2025-05-30 14:05:59.436]# RECV HEX>
21 01 01 17 02 10 00 06 06 00 12 08 03 10 03 07 01 06 10 00 02 

[2025-05-30 14:05:59.452]# SEND ASCII>
?
[2025-05-30 14:05:59.515]# RECV HEX>
21 01 01 17 02 10 00 06 06 00 12 08 03 10 03 07 01 06 10 00 02 

[2025-05-30 14:05:59.563]# SEND ASCII>
?
[2025-05-30 14:05:59.627]# RECV HEX>
21 01 01 17 02 10 00 06 06 00 12 08 03 10 03 07 01 06 10 00 02 

[2025-05-30 14:05:59.659]# SEND ASCII>
?
[2025-05-30 14:05:59.723]# RECV HEX>
21 01 01 17 02 10 00 06 06 00 12 08 03 10 03 07 01 06 10 00 02 

[2025-05-30 14:05:59.755]# SEND ASCII>
?
[2025-05-30 14:05:59.818]# RECV HEX>
21 01 01 17 02 10 00 06 06 00 12 08 03 10 03 07 05 06 10 00 02 

[2025-05-30 14:05:59.866]# SEND ASCII>
?
[2025-05-30 14:05:59.945]# RECV HEX>
21 01 01 17 01 10 00 06 07 00 12 08 09 10 03 07 05 06 10 00 02 

[2025-05-30 14:05:59.961]# SEND ASCII>
?
[2025-05-30 14:06:00.040]# RECV HEX>
21 01 01 17 01 10 00 06 07 00 12 08 09 10 03 07 05 06 10 00 02 

[2025-05-30 14:06:00.056]# SEND ASCII>
?
[2025-05-30 14:06:00.136]# RECV HEX>
21 01 01 17 01 10 00 06 07 00 12 08 09 10 03 07 05 06 10 00 02 

[2025-05-30 14:06:00.167]# SEND ASCII>
?
[2025-05-30 14:06:00.247]# RECV HEX>
21 01 01 17 01 10 00 06 07 00 12 08 09 10 03 07 05 06 10 00 01 

[2025-05-30 14:06:00.279]# SEND ASCII>
?
[2025-05-30 14:06:00.342]# RECV HEX>
21 01 01 17 01 10 00 06 07 00 12 08 06 10 03 07 03 06 10 00 01 

[2025-05-30 14:06:00.358]# SEND ASCII>
?
[2025-05-30 14:06:00.422]# RECV HEX>
21 01 01 17 02 10 00 06 07 00 12 08 06 10 03 07 03 06 10 00 01 

[2025-05-30 14:06:00.454]# SEND ASCII>
?
[2025-05-30 14:06:00.518]# RECV HEX>
21 01 01 17 02 10 00 06 07 00 12 08 06 10 03 07 03 06 10 00 01 

[2025-05-30 14:06:00.565]# SEND ASCII>
?
[2025-05-30 14:06:00.644]# RECV HEX>
21 01 01 17 02 10 00 06 07 00 12 08 06 10 03 07 03 06 10 00 02 

[2025-05-30 14:06:00.660]# SEND ASCII>
?
[2025-05-30 14:06:00.724]# RECV HEX>
21 01 01 17 02 10 00 06 07 00 12 08 06 10 03 07 03 06 10 00 02 

[2025-05-30 14:06:00.756]# SEND ASCII>
?
[2025-05-30 14:06:00.820]# RECV HEX>
21 01 01 17 02 10 00 06 07 00 12 08 06 10 03 07 01 06 10 00 02 

[2025-05-30 14:06:00.867]# SEND ASCII>
?
[2025-05-30 14:06:00.930]# RECV HEX>
21 01 01 17 01 10 00 06 06 00 12 08 02 10 03 07 01 06 10 00 01 

[2025-05-30 14:06:00.961]# SEND ASCII>
?
[2025-05-30 14:06:01.025]# RECV HEX>
21 01 01 17 01 10 00 06 06 00 12 08 02 10 03 07 01 06 10 00 01 

[2025-05-30 14:06:01.057]# SEND ASCII>
?
[2025-05-30 14:06:01.121]# RECV HEX>
21 01 01 17 01 10 00 06 06 00 12 08 02 10 03 07 01 06 10 00 01 

[2025-05-30 14:06:01.168]# SEND ASCII>
?
[2025-05-30 14:06:01.247]# RECV HEX>
21 01 01 17 01 10 00 06 06 00 12 08 02 10 03 07 01 06 10 00 01 

[2025-05-30 14:06:01.279]# SEND ASCII>
?
[2025-05-30 14:06:01.343]# RECV HEX>
21 01 01 17 00 10 00 06 07 00 12 08 06 10 03 07 03 06 10 00 01 

[2025-05-30 14:06:01.358]# SEND ASCII>
?
[2025-05-30 14:06:01.438]# RECV HEX>
21 01 01 17 00 10 00 06 07 00 12 08 06 10 03 07 03 06 10 00 01 

[2025-05-30 14:06:01.453]# SEND ASCII>
?
[2025-05-30 14:06:01.533]# RECV HEX>
21 01 01 17 00 10 00 06 07 00 12 08 06 10 03 07 03 06 10 00 01 

[2025-05-30 14:06:01.551]# SEND ASCII>
?
[2025-05-30 14:06:01.629]# RECV HEX>
21 01 01 17 00 10 00 06 07 00 12 08 06 10 03 07 03 06 10 00 01 

[2025-05-30 14:06:01.660]# SEND ASCII>
?
[2025-05-30 14:06:01.724]# RECV HEX>
21 01 01 17 00 10 00 06 07 00 12 08 06 10 03 07 03 06 10 00 01 

[2025-05-30 14:06:01.756]# SEND ASCII>
?
[2025-05-30 14:06:01.819]# RECV HEX>
21 01 01 17 00 10 00 06 08 00 12 09 03 10 03 07 03 06 10 00 02 

[2025-05-30 14:06:01.867]# SEND ASCII>
?
[2025-05-30 14:06:01.931]# RECV HEX>
21 01 01 17 01 10 00 06 08 00 12 09 03 10 03 07 07 06 10 00 02 

[2025-05-30 14:06:01.963]# SEND ASCII>
?
[2025-05-30 14:06:02.042]# RECV HEX>
21 01 01 17 01 10 00 06 08 00 12 09 03 10 03 07 07 06 10 00 02 

[2025-05-30 14:06:02.074]# SEND ASCII>
?
[2025-05-30 14:06:02.137]# RECV HEX>
21 01 01 17 01 10 00 06 08 00 12 09 03 10 03 07 07 06 10 00 02 

[2025-05-30 14:06:02.169]# SEND ASCII>
?
[2025-05-30 14:06:02.233]# RECV HEX>
21 01 01 17 01 10 00 06 08 00 12 09 03 10 03 07 07 06 10 00 02 

[2025-05-30 14:06:02.249]# SEND ASCII>
?
[2025-05-30 14:06:02.313]# RECV HEX>
21 01 01 17 01 10 00 06 08 00 12 09 03 10 03 07 03 06 10 00 02 

[2025-05-30 14:06:02.361]# SEND ASCII>
?
[2025-05-30 14:06:02.424]# RECV HEX>
21 01 01 17 02 10 00 06 07 00 12 08 07 10 03 07 03 06 10 00 02 

[2025-05-30 14:06:02.456]# SEND ASCII>
?
[2025-05-30 14:06:02.519]# RECV HEX>
21 01 01 17 02 10 00 06 07 00 12 08 07 10 03 07 03 06 10 00 01 

[2025-05-30 14:06:02.567]# SEND ASCII>
?
[2025-05-30 14:06:02.631]# RECV HEX>
21 01 01 17 02 10 00 06 07 00 12 08 07 10 03 07 03 06 10 00 01 

[2025-05-30 14:06:02.663]# SEND ASCII>
?
[2025-05-30 14:06:02.726]# RECV HEX>
21 01 01 17 02 10 00 06 07 00 12 08 07 10 03 07 03 06 10 00 01 

[2025-05-30 14:06:02.774]# SEND ASCII>
?
[2025-05-30 14:06:02.838]# RECV HEX>
21 01 01 17 01 10 00 06 07 00 12 08 07 10 03 07 04 06 10 00 01 

[2025-05-30 14:06:02.870]# SEND ASCII>
?
[2025-05-30 14:06:02.934]# RECV HEX>
21 01 01 17 01 10 00 06 07 00 12 08 07 10 03 07 04 06 10 00 01 

[2025-05-30 14:06:02.951]# SEND ASCII>
?
[2025-05-30 14:06:03.029]# RECV HEX>
21 01 01 17 01 10 00 06 07 00 12 08 07 10 03 07 04 06 10 00 01 

[2025-05-30 14:06:03.077]# SEND ASCII>
?
[2025-05-30 14:06:03.141]# RECV HEX>
21 01 01 17 01 10 00 06 07 00 12 08 07 10 03 07 04 06 10 00 01 

[2025-05-30 14:06:03.157]# SEND ASCII>
?
[2025-05-30 14:06:03.236]# RECV HEX>
21 01 01 17 01 10 00 06 07 00 12 08 07 10 03 07 04 06 10 00 01 

[2025-05-30 14:06:03.252]# SEND ASCII>
?
[2025-05-30 14:06:03.331]# RECV HEX>
21 01 01 17 01 10 00 06 06 00 12 08 03 10 03 07 00 06 10 00 01 

[2025-05-30 14:06:03.362]# SEND ASCII>
?
[2025-05-30 14:06:03.426]# RECV HEX>
21 01 01 17 01 10 00 06 06 00 12 08 03 10 03 07 00 06 10 00 01 

[2025-05-30 14:06:03.457]# SEND ASCII>
?
[2025-05-30 14:06:03.521]# RECV HEX>
21 01 01 17 01 10 00 06 06 00 12 08 03 10 03 07 00 06 10 00 01 

[2025-05-30 14:06:03.568]# SEND ASCII>
?
[2025-05-30 14:06:03.632]# RECV HEX>
21 01 01 17 01 10 00 06 06 00 12 08 03 10 03 07 00 06 10 00 01 

[2025-05-30 14:06:03.664]# SEND ASCII>
?
[2025-05-30 14:06:03.727]# RECV HEX>
21 01 01 17 01 10 00 06 06 00 12 08 03 10 03 07 00 06 10 00 01 

[2025-05-30 14:06:03.775]# SEND ASCII>
?
[2025-05-30 14:06:03.854]# RECV HEX>
21 01 01 17 02 10 00 06 07 00 12 09 01 10 03 07 06 06 10 00 01 

[2025-05-30 14:06:03.869]# SEND ASCII>
?
[2025-05-30 14:06:03.949]# RECV HEX>
21 01 01 17 02 10 00 06 07 00 12 09 01 10 03 07 06 06 10 00 01 

[2025-05-30 14:06:03.965]# SEND ASCII>
?
[2025-05-30 14:06:04.045]# RECV HEX>
21 01 01 17 02 10 00 06 07 00 12 09 01 10 03 07 06 06 10 00 01 

[2025-05-30 14:06:04.061]# SEND ASCII>
?
[2025-05-30 14:06:04.140]# RECV HEX>
21 01 01 17 02 10 00 06 07 00 12 09 01 10 03 07 06 06 10 00 01 

[2025-05-30 14:06:04.156]# SEND ASCII>
?
[2025-05-30 14:06:04.235]# RECV HEX>
21 01 01 17 02 10 00 06 07 00 12 09 01 10 03 07 06 06 10 00 01 

[2025-05-30 14:06:04.252]# SEND ASCII>
?
[2025-05-30 14:06:04.331]# RECV HEX>
21 01 01 17 01 10 00 06 07 00 12 08 07 10 03 07 03 06 10 00 01 

[2025-05-30 14:06:04.363]# SEND ASCII>
?
[2025-05-30 14:06:04.426]# RECV HEX>
21 01 01 17 01 10 00 06 07 00 12 08 07 10 03 07 03 06 10 00 01 

[2025-05-30 14:06:04.458]# SEND ASCII>
?
[2025-05-30 14:06:04.521]# RECV HEX>
21 01 01 17 01 10 00 06 07 00 12 08 07 10 03 07 03 06 10 00 01 

[2025-05-30 14:06:04.569]# SEND ASCII>
?
[2025-05-30 14:06:04.632]# RECV HEX>
21 01 01 17 01 10 00 06 07 00 12 08 07 10 03 07 03 06 10 00 01 

[2025-05-30 14:06:04.664]# SEND ASCII>
?
[2025-05-30 14:06:04.728]# RECV HEX>
21 01 01 17 01 10 00 06 07 00 12 08 07 10 03 07 03 06 10 00 02 

[2025-05-30 14:06:04.775]# SEND ASCII>
?
[2025-05-30 14:06:04.838]# RECV HEX>
21 01 01 17 02 10 00 06 07 00 12 08 08 10 03 07 04 06 10 00 02 

[2025-05-30 14:06:04.870]# SEND ASCII>
?
[2025-05-30 14:06:04.934]# RECV HEX>
21 01 01 17 02 10 00 06 07 00 12 08 08 10 03 07 04 06 10 00 02 

[2025-05-30 14:06:04.965]# SEND ASCII>
?
[2025-05-30 14:06:05.028]# RECV HEX>
21 01 01 17 02 10 00 06 07 00 12 08 08 10 03 07 04 06 10 00 02 

[2025-05-30 14:06:05.060]# SEND ASCII>
?
[2025-05-30 14:06:05.108]# RECV HEX>
21 01 01 17 02 10 00 06 07 00 12 08 08 10 03 07 04 06 10 00 02 

[2025-05-30 14:06:05.156]# SEND ASCII>
?
[2025-05-30 14:06:05.220]# RECV HEX>
21 01 01 17 02 10 00 06 07 00 12 08 08 10 03 07 04 06 10 00 02 

[2025-05-30 14:06:05.267]# SEND ASCII>
?
[2025-05-30 14:06:05.331]# RECV HEX>
21 01 01 17 02 10 00 06 07 00 12 09 01 10 03 07 05 06 10 00 01 

[2025-05-30 14:06:05.363]# SEND ASCII>
?
[2025-05-30 14:06:05.426]# RECV HEX>
21 01 01 17 02 10 00 06 07 00 12 09 01 10 03 07 05 06 10 00 01 

[2025-05-30 14:06:05.459]# SEND ASCII>
?
[2025-05-30 14:06:05.522]# RECV HEX>
21 01 01 17 02 10 00 06 07 00 12 09 01 10 03 07 05 06 10 00 01 

[2025-05-30 14:06:05.570]# SEND ASCII>
?
[2025-05-30 14:06:05.634]# RECV HEX>
21 01 01 17 02 10 00 06 07 00 12 09 01 10 03 07 05 06 10 00 01 

[2025-05-30 14:06:05.665]# SEND ASCII>
?
[2025-05-30 14:06:05.729]# RECV HEX>
21 01 01 17 02 10 00 06 07 00 12 09 01 10 03 07 05 06 10 00 01 

[2025-05-30 14:06:05.776]# SEND ASCII>
?
[2025-05-30 14:06:05.855]# RECV HEX>
21 01 01 17 04 10 00 06 07 00 12 08 09 10 03 07 04 06 10 00 01 

[2025-05-30 14:06:05.871]# SEND ASCII>
?
[2025-05-30 14:06:05.950]# RECV HEX>
21 01 01 17 04 10 00 06 07 00 12 08 09 10 03 07 04 06 10 00 02 

[2025-05-30 14:06:05.982]# SEND ASCII>
?
[2025-05-30 14:06:06.046]# SEND ASCII>
?
[2025-05-30 14:06:06.109]# RECV HEX>
21 01 01 17 04 10 00 06 07 00 12 08 09 10 03 07 04 06 10 00 02 21 01 01 17 04 10 00 06 07 00 12 08 09 10 03 07 04 06 10 00 02 

[2025-05-30 14:06:06.157]# SEND ASCII>
?
[2025-05-30 14:06:06.220]# RECV HEX>
21 01 01 17 04 10 00 06 07 00 12 08 09 10 03 07 04 06 10 00 02 

[2025-05-30 14:06:06.268]# SEND ASCII>
?
[2025-05-30 14:06:06.331]# RECV HEX>
21 01 01 17 04 10 00 06 07 00 12 08 06 10 03 07 02 06 10 00 01 

[2025-05-30 14:06:06.362]# SEND ASCII>
?
[2025-05-30 14:06:06.425]# RECV HEX>
21 01 01 17 04 10 00 06 07 00 12 08 06 10 03 07 02 06 10 00 01 

[2025-05-30 14:06:06.457]# SEND ASCII>
?
[2025-05-30 14:06:06.521]# RECV HEX>
21 01 01 17 04 10 00 06 07 00 12 08 06 10 03 07 02 06 10 00 01 

[2025-05-30 14:06:06.569]# SEND ASCII>
?
[2025-05-30 14:06:06.632]# RECV HEX>
21 01 01 17 04 10 00 06 07 00 12 08 06 10 03 07 02 06 10 00 01 

[2025-05-30 14:06:06.664]# SEND ASCII>
?
[2025-05-30 14:06:06.728]# RECV HEX>
21 01 01 17 04 10 00 06 07 00 12 08 06 10 03 07 02 06 10 00 01 

[2025-05-30 14:06:06.776]# SEND ASCII>
?
[2025-05-30 14:06:06.839]# RECV HEX>
21 01 01 17 04 10 00 06 07 00 12 08 07 10 03 07 03 06 10 00 01 

[2025-05-30 14:06:06.871]# SEND ASCII>
?
[2025-05-30 14:06:06.935]# RECV HEX>
21 01 01 17 04 10 00 06 07 00 12 08 07 10 03 07 03 06 10 00 01 

[2025-05-30 14:06:06.966]# SEND ASCII>
?
[2025-05-30 14:06:07.030]# RECV HEX>
21 01 01 17 04 10 00 06 07 00 12 08 07 10 03 07 03 06 10 00 01 

[2025-05-30 14:06:07.046]# SEND ASCII>
?
[2025-05-30 14:06:07.125]# RECV HEX>
21 01 01 17 04 10 00 06 07 00 12 08 07 10 03 07 03 06 10 00 01 

[2025-05-30 14:06:07.157]# SEND ASCII>
?
[2025-05-30 14:06:07.220]# RECV HEX>
21 01 01 17 04 10 00 06 07 00 12 08 07 10 03 07 03 06 10 00 02 

[2025-05-30 14:06:07.267]# SEND ASCII>
?
[2025-05-30 14:06:07.330]# RECV HEX>
21 01 01 17 04 10 00 06 06 00 12 08 03 10 03 07 00 06 10 00 02 

[2025-05-30 14:06:07.362]# SEND ASCII>
?
[2025-05-30 14:06:07.425]# RECV HEX>
21 01 01 17 04 10 00 06 06 00 12 08 03 10 03 07 00 06 10 00 02 

[2025-05-30 14:06:07.457]# SEND ASCII>
?
[2025-05-30 14:06:07.520]# RECV HEX>
21 01 01 17 04 10 00 06 06 00 12 08 03 10 03 07 00 06 10 00 01 

[2025-05-30 14:06:07.567]# SEND ASCII>
?
[2025-05-30 14:06:07.630]# RECV HEX>
21 01 01 17 04 10 00 06 06 00 12 08 03 10 03 07 00 06 10 00 01 

[2025-05-30 14:06:07.662]# SEND ASCII>
?
[2025-05-30 14:06:07.726]# RECV HEX>
21 01 01 17 04 10 00 06 06 00 12 08 03 10 03 07 00 06 10 00 01 

[2025-05-30 14:06:07.773]# SEND ASCII>
?
[2025-05-30 14:06:07.837]# RECV HEX>
21 01 01 17 04 10 00 06 07 00 12 09 00 10 03 07 05 06 10 00 02 

[2025-05-30 14:06:07.869]# SEND ASCII>
?
[2025-05-30 14:06:07.947]# RECV HEX>
21 01 01 17 04 10 00 06 07 00 12 09 00 10 03 07 05 06 10 00 02 

[2025-05-30 14:06:07.979]# SEND ASCII>
?
[2025-05-30 14:06:08.042]# RECV HEX>
21 01 01 17 04 10 00 06 07 00 12 09 00 10 03 07 05 06 10 00 02 

[2025-05-30 14:06:08.058]# SEND ASCII>
?
[2025-05-30 14:06:08.137]# RECV HEX>
21 01 01 17 04 10 00 06 07 00 12 09 00 10 03 07 05 06 10 00 02 

[2025-05-30 14:06:08.169]# SEND ASCII>
?
[2025-05-30 14:06:08.232]# RECV HEX>
21 01 01 17 04 10 00 06 07 00 12 09 00 10 03 07 05 06 10 00 01 

[2025-05-30 14:06:08.280]# SEND ASCII>
?
[2025-05-30 14:06:08.343]# RECV HEX>
21 01 01 17 03 10 00 06 06 00 12 08 02 10 03 07 00 06 10 00 01 

[2025-05-30 14:06:08.359]# SEND ASCII>
?
[2025-05-30 14:06:08.439]# RECV HEX>
21 01 01 17 03 10 00 06 06 00 12 08 02 10 03 07 00 06 10 00 01 

[2025-05-30 14:06:08.455]# SEND ASCII>
?
[2025-05-30 14:06:08.534]# RECV HEX>
21 01 01 17 03 10 00 06 06 00 12 08 02 10 03 07 00 06 10 00 02 

[2025-05-30 14:06:08.550]# SEND ASCII>
?
[2025-05-30 14:06:08.629]# RECV HEX>
21 01 01 17 03 10 00 06 06 00 12 08 02 10 03 07 00 06 10 00 02 

[2025-05-30 14:06:08.661]# SEND ASCII>
?
[2025-05-30 14:06:08.741]# RECV HEX>
21 01 01 17 03 10 00 06 06 00 12 08 02 10 03 07 00 06 10 00 02 

[2025-05-30 14:06:08.757]# SEND ASCII>
?
[2025-05-30 14:06:08.836]# RECV HEX>
21 01 01 17 03 10 00 06 07 00 12 09 01 10 03 07 06 06 10 00 02 

[2025-05-30 14:06:08.868]# SEND ASCII>
?
[2025-05-30 14:06:08.931]# RECV HEX>
21 01 01 17 03 10 00 06 07 00 12 09 01 10 03 07 06 06 10 00 02 

[2025-05-30 14:06:08.963]# SEND ASCII>
?
[2025-05-30 14:06:09.026]# RECV HEX>
21 01 01 17 03 10 00 06 07 00 12 09 01 10 03 07 06 06 10 00 02 

[2025-05-30 14:06:09.074]# SEND ASCII>
?
[2025-05-30 14:06:09.137]# RECV HEX>
21 01 01 17 03 10 00 06 07 00 12 09 01 10 03 07 06 06 10 00 02 

[2025-05-30 14:06:09.169]# SEND ASCII>
?
[2025-05-30 14:06:09.232]# RECV HEX>
21 01 01 17 03 10 00 06 07 00 12 09 01 10 03 07 06 06 10 00 02 

[2025-05-30 14:06:09.280]# SEND ASCII>
?
[2025-05-30 14:06:09.343]# RECV HEX>
21 01 01 17 04 10 00 06 07 00 12 08 06 10 03 07 02 06 10 00 02 

[2025-05-30 14:06:09.359]# SEND ASCII>
?
[2025-05-30 14:06:09.438]# RECV HEX>
21 01 01 17 04 10 00 06 07 00 12 08 06 10 03 07 02 06 10 00 02 

[2025-05-30 14:06:09.470]# SEND ASCII>
?
[2025-05-30 14:06:09.534]# RECV HEX>
21 01 01 17 04 10 00 06 07 00 12 08 06 10 03 07 02 06 10 00 02 

[2025-05-30 14:06:09.549]# SEND ASCII>
?
[2025-05-30 14:06:09.629]# RECV HEX>
21 01 01 17 04 10 00 06 07 00 12 08 06 10 03 07 02 06 10 00 02 

[2025-05-30 14:06:09.660]# SEND ASCII>
?
[2025-05-30 14:06:09.724]# RECV HEX>
21 01 01 17 04 10 00 06 07 00 12 08 06 10 03 07 02 06 10 00 02 

[2025-05-30 14:06:09.772]# SEND ASCII>
?
[2025-05-30 14:06:09.835]# RECV HEX>
21 01 01 17 04 10 00 06 07 00 12 08 09 10 03 07 04 06 10 00 02 

[2025-05-30 14:06:09.866]# SEND ASCII>
?
[2025-05-30 14:06:09.930]# RECV HEX>
21 01 01 17 04 10 00 06 07 00 12 08 09 10 03 07 04 06 10 00 02 

[2025-05-30 14:06:09.961]# SEND ASCII>
?
[2025-05-30 14:06:10.025]# RECV HEX>
21 01 01 17 04 10 00 06 07 00 12 08 09 10 03 07 04 06 10 00 02 

[2025-05-30 14:06:10.073]# SEND ASCII>
?
[2025-05-30 14:06:10.152]# RECV HEX>
21 01 01 17 04 10 00 06 07 00 12 08 09 10 03 07 04 06 10 00 01 

[2025-05-30 14:06:10.184]# SEND ASCII>
?
[2025-05-30 14:06:10.248]# RECV HEX>
21 01 01 17 04 10 00 06 07 00 12 08 09 10 03 07 04 06 10 00 01 

[2025-05-30 14:06:10.263]# SEND ASCII>
?
[2025-05-30 14:06:10.326]# RECV HEX>
21 01 01 17 03 10 00 06 07 00 12 08 04 10 03 07 01 06 10 00 01 

[2025-05-30 14:06:10.358]# SEND ASCII>
?
[2025-05-30 14:06:10.422]# RECV HEX>
21 01 01 17 03 10 00 06 07 00 12 08 04 10 03 07 01 06 10 00 02 

[2025-05-30 14:06:10.454]# SEND ASCII>
?
[2025-05-30 14:06:10.518]# RECV HEX>
21 01 01 17 03 10 00 06 07 00 12 08 04 10 03 07 01 06 10 00 02 

[2025-05-30 14:06:10.565]# SEND ASCII>
?
[2025-05-30 14:06:10.628]# RECV HEX>
21 01 01 17 03 10 00 06 07 00 12 08 04 10 03 07 01 06 10 00 02 

[2025-05-30 14:06:10.660]# SEND ASCII>
?
[2025-05-30 14:06:10.724]# RECV HEX>
21 01 01 17 03 10 00 06 07 00 12 08 04 10 03 07 01 06 10 00 01 

[2025-05-30 14:06:10.771]# SEND ASCII>
?
[2025-05-30 14:06:10.834]# RECV HEX>
21 01 01 17 03 10 00 06 06 00 12 08 04 10 03 07 01 06 10 00 01 

[2025-05-30 14:06:10.866]# SEND ASCII>
?
[2025-05-30 14:06:10.930]# RECV HEX>
21 01 01 17 03 10 00 06 06 00 12 08 04 10 03 07 01 06 10 00 01 

[2025-05-30 14:06:10.962]# SEND ASCII>
?
[2025-05-30 14:06:11.025]# RECV HEX>
21 01 01 17 03 10 00 06 06 00 12 08 04 10 03 07 01 06 10 00 01 

[2025-05-30 14:06:11.073]# SEND ASCII>
?
[2025-05-30 14:06:11.152]# RECV HEX>
21 01 01 17 03 10 00 06 06 00 12 08 04 10 03 07 01 06 10 00 01 

[2025-05-30 14:06:11.184]# SEND ASCII>
?
[2025-05-30 14:06:11.247]# RECV HEX>
21 01 01 17 03 10 00 06 06 00 12 08 04 10 03 07 01 06 10 00 01 

[2025-05-30 14:06:11.263]# SEND ASCII>
?
[2025-05-30 14:06:11.342]# RECV HEX>
21 01 01 17 00 10 00 06 07 00 12 09 01 10 03 07 05 06 10 00 01 

[2025-05-30 14:06:11.358]# SEND ASCII>
?
[2025-05-30 14:06:11.437]# RECV HEX>
21 01 01 17 00 10 00 06 07 00 12 09 01 10 03 07 05 06 10 00 01 

[2025-05-30 14:06:11.453]# SEND ASCII>
?
[2025-05-30 14:06:11.532]# RECV HEX>
21 01 01 17 00 10 00 06 07 00 12 09 01 10 03 07 05 06 10 00 01 

[2025-05-30 14:06:11.548]# SEND ASCII>
?
[2025-05-30 14:06:11.627]# RECV HEX>
21 01 01 17 00 10 00 06 07 00 12 09 01 10 03 07 05 06 10 00 01 

[2025-05-30 14:06:11.659]# SEND ASCII>
?
[2025-05-30 14:06:11.722]# RECV HEX>
21 01 01 17 00 10 00 06 07 00 12 09 01 10 03 07 05 06 10 00 01 

[2025-05-30 14:06:11.770]# SEND ASCII>
?
[2025-05-30 14:06:11.834]# RECV HEX>
21 01 01 17 02 10 00 06 06 00 12 08 02 10 03 07 00 06 10 00 01 

[2025-05-30 14:06:11.866]# SEND ASCII>
?
[2025-05-30 14:06:11.929]# RECV HEX>
21 01 01 17 02 10 00 06 06 00 12 08 02 10 03 07 00 06 10 00 01 

[2025-05-30 14:06:11.961]# SEND ASCII>
?
[2025-05-30 14:06:12.024]# RECV HEX>
21 01 01 17 02 10 00 06 06 00 12 08 02 10 03 07 00 06 10 00 01 

[2025-05-30 14:06:12.071]# SEND ASCII>
?
[2025-05-30 14:06:12.135]# RECV HEX>
21 01 01 17 02 10 00 06 06 00 12 08 02 10 03 07 00 06 10 00 01 

[2025-05-30 14:06:12.167]# SEND ASCII>
?
[2025-05-30 14:06:12.231]# RECV HEX>
21 01 01 17 02 10 00 06 06 00 12 08 02 10 03 07 00 06 10 00 03 

[2025-05-30 14:06:12.278]# SEND ASCII>
?
[2025-05-30 14:06:12.357]# RECV HEX>
21 01 01 17 02 10 00 06 07 00 12 08 09 10 03 07 04 06 10 00 03 

[2025-05-30 14:06:12.389]# SEND ASCII>
?
[2025-05-30 14:06:12.436]# RECV HEX>
21 01 01 17 02 10 00 06 07 00 12 08 09 10 03 07 04 06 10 00 03 

[2025-05-30 14:06:12.452]# SEND ASCII>
?
[2025-05-30 14:06:12.516]# RECV HEX>
21 01 01 17 02 10 00 06 07 00 12 08 09 10 03 07 04 06 10 00 03 

[2025-05-30 14:06:12.564]# SEND ASCII>
?
[2025-05-30 14:06:12.627]# RECV HEX>
21 01 01 17 02 10 00 06 07 00 12 08 09 10 03 07 04 06 10 00 01 

[2025-05-30 14:06:12.659]# SEND ASCII>
?
[2025-05-30 14:06:12.722]# RECV HEX>
21 01 01 17 02 10 00 06 07 00 12 08 09 10 03 07 04 06 10 00 01 

[2025-05-30 14:06:12.770]# SEND ASCII>
?
[2025-05-30 14:06:12.834]# RECV HEX>
21 01 01 17 02 10 00 06 07 00 12 08 08 10 03 07 03 06 10 00 01 

[2025-05-30 14:06:12.865]# SEND ASCII>
?
[2025-05-30 14:06:12.929]# RECV HEX>
21 01 01 17 02 10 00 06 07 00 12 08 08 10 03 07 03 06 10 00 01 

[2025-05-30 14:06:12.961]# SEND ASCII>
?
[2025-05-30 14:06:13.024]# RECV HEX>
21 01 01 17 02 10 00 06 07 00 12 08 08 10 03 07 03 06 10 00 01 

[2025-05-30 14:06:13.071]# SEND ASCII>
?
[2025-05-30 14:06:13.151]# RECV HEX>
21 01 01 17 02 10 00 06 07 00 12 08 08 10 03 07 03 06 10 00 01 

[2025-05-30 14:06:13.183]# SEND ASCII>
?
[2025-05-30 14:06:13.246]# RECV HEX>
21 01 01 17 02 10 00 06 07 00 12 08 08 10 03 07 03 06 10 00 02 

[2025-05-30 14:06:13.262]# SEND ASCII>
?
[2025-05-30 14:06:13.341]# RECV HEX>
21 01 01 17 02 10 00 06 07 00 12 08 05 10 03 07 01 06 10 00 02 

[2025-05-30 14:06:13.373]# SEND ASCII>
?
[2025-05-30 14:06:13.436]# RECV HEX>
21 01 01 17 02 10 00 06 07 00 12 08 05 10 03 07 01 06 10 00 02 

[2025-05-30 14:06:13.452]# SEND ASCII>
?
[2025-05-30 14:06:13.532]# RECV HEX>
21 01 01 17 02 10 00 06 07 00 12 08 05 10 03 07 01 06 10 00 02 

[2025-05-30 14:06:13.548]# SEND ASCII>
?
[2025-05-30 14:06:13.626]# RECV HEX>
21 01 01 17 02 10 00 06 07 00 12 08 05 10 03 07 01 06 10 00 02 

[2025-05-30 14:06:13.658]# SEND ASCII>
?
[2025-05-30 14:06:13.721]# RECV HEX>
21 01 01 17 02 10 00 06 07 00 12 08 05 10 03 07 01 06 10 00 02 

[2025-05-30 14:06:13.769]# SEND ASCII>
?
[2025-05-30 14:06:13.832]# RECV HEX>
21 01 01 17 02 10 00 06 07 00 12 09 00 10 03 07 04 06 10 00 02 

[2025-05-30 14:06:13.864]# SEND ASCII>
?
[2025-05-30 14:06:13.927]# RECV HEX>
21 01 01 17 02 10 00 06 07 00 12 09 00 10 03 07 04 06 10 00 02 

[2025-05-30 14:06:13.958]# SEND ASCII>
?
[2025-05-30 14:06:14.022]# RECV HEX>
21 01 01 17 02 10 00 06 07 00 12 09 00 10 03 07 04 06 10 00 02 

[2025-05-30 14:06:14.054]# SEND ASCII>
?
[2025-05-30 14:06:14.117]# RECV HEX>
21 01 01 17 02 10 00 06 07 00 12 09 00 10 03 07 04 06 10 00 02 

[2025-05-30 14:06:14.165]# SEND ASCII>
?
[2025-05-30 14:06:14.228]# RECV HEX>
21 01 01 17 02 10 00 06 07 00 12 09 00 10 03 07 04 06 10 00 02 

[2025-05-30 14:06:14.275]# SEND ASCII>
?
[2025-05-30 14:06:14.355]# RECV HEX>
21 01 01 17 03 10 00 06 07 00 12 08 06 10 03 07 02 06 10 00 02 

[2025-05-30 14:06:14.387]# SEND ASCII>
?
[2025-05-30 14:06:14.450]# RECV HEX>
21 01 01 17 03 10 00 06 07 00 12 08 06 10 03 07 02 06 10 00 02 

[2025-05-30 14:06:14.466]# SEND ASCII>
?
[2025-05-30 14:06:14.530]# RECV HEX>
21 01 01 17 03 10 00 06 07 00 12 08 06 10 03 07 02 06 10 00 02 

[2025-05-30 14:06:14.546]# SEND ASCII>
?
[2025-05-30 14:06:14.609]# RECV HEX>
21 01 01 17 03 10 00 06 07 00 12 08 06 10 03 07 02 06 10 00 02 

[2025-05-30 14:06:14.657]# SEND ASCII>
?
[2025-05-30 14:06:14.720]# RECV HEX>
21 01 01 17 03 10 00 06 07 00 12 08 06 10 03 07 02 06 10 00 02 

[2025-05-30 14:06:14.768]# SEND ASCII>
?
[2025-05-30 14:06:14.832]# RECV HEX>
21 01 01 17 02 10 00 06 06 00 12 08 02 10 03 07 00 06 10 00 01 

[2025-05-30 14:06:14.863]# SEND ASCII>
?
[2025-05-30 14:06:14.927]# RECV HEX>
21 01 01 17 02 10 00 06 06 00 12 08 02 10 03 07 00 06 10 00 01 

[2025-05-30 14:06:14.959]# SEND ASCII>
?
[2025-05-30 14:06:15.023]# RECV HEX>
21 01 01 17 02 10 00 06 06 00 12 08 02 10 03 07 00 06 10 00 01 

[2025-05-30 14:06:15.055]# SEND ASCII>
?
[2025-05-30 14:06:15.118]# RECV HEX>
21 01 01 17 02 10 00 06 06 00 12 08 02 10 03 07 00 06 10 00 01 

[2025-05-30 14:06:15.166]# SEND ASCII>
?
[2025-05-30 14:06:15.229]# RECV HEX>
21 01 01 17 02 10 00 06 06 00 12 08 02 10 03 07 00 06 10 00 01 

[2025-05-30 14:06:15.277]# SEND ASCII>
?
[2025-05-30 14:06:15.341]# RECV HEX>
21 01 01 17 03 10 00 06 08 00 12 09 03 10 03 07 07 06 10 00 01 

[2025-05-30 14:06:15.373]# SEND ASCII>
?
[2025-05-30 14:06:15.436]# RECV HEX>
21 01 01 17 03 10 00 06 08 00 12 09 03 10 03 07 07 06 10 00 01 

[2025-05-30 14:06:15.452]# SEND ASCII>
?
[2025-05-30 14:06:15.515]# RECV HEX>
21 01 01 17 03 10 00 06 08 00 12 09 03 10 03 07 07 06 10 00 01 

[2025-05-30 14:06:15.563]# SEND ASCII>
?
[2025-05-30 14:06:15.626]# RECV HEX>
21 01 01 17 03 10 00 06 08 00 12 09 03 10 03 07 07 06 10 00 01 

[2025-05-30 14:06:15.658]# SEND ASCII>
?
[2025-05-30 14:06:15.722]# RECV HEX>
21 01 01 17 03 10 00 06 08 00 12 09 03 10 03 07 07 06 10 00 02 

[2025-05-30 14:06:15.769]# SEND ASCII>
?
[2025-05-30 14:06:15.832]# RECV HEX>
21 01 01 17 02 10 00 06 08 00 12 08 05 10 03 07 02 06 10 00 02 

[2025-05-30 14:06:15.864]# SEND ASCII>
?
[2025-05-30 14:06:15.927]# RECV HEX>
21 01 01 17 02 10 00 06 07 00 12 08 05 10 03 07 02 06 10 00 02 

[2025-05-30 14:06:15.959]# SEND ASCII>
?
[2025-05-30 14:06:16.023]# RECV HEX>
21 01 01 17 02 10 00 06 07 00 12 08 05 10 03 07 02 06 10 00 01 

[2025-05-30 14:06:16.070]# SEND ASCII>
?
[2025-05-30 14:06:16.133]# RECV HEX>
21 01 01 17 02 10 00 06 07 00 12 08 05 10 03 07 02 06 10 00 01 

[2025-05-30 14:06:16.165]# SEND ASCII>
?
[2025-05-30 14:06:16.228]# RECV HEX>
21 01 01 17 02 10 00 06 07 00 12 08 05 10 03 07 02 06 10 00 01 

[2025-05-30 14:06:16.260]# SEND ASCII>
?
[2025-05-30 14:06:16.324]# RECV HEX>
21 01 01 17 02 10 00 06 07 00 12 08 05 10 03 07 00 06 10 00 01 

[2025-05-30 14:06:16.371]# SEND ASCII>
?
[2025-05-30 14:06:16.450]# RECV HEX>
21 01 01 17 02 10 00 06 06 00 12 08 01 10 03 07 00 06 10 00 02 

[2025-05-30 14:06:16.466]# SEND ASCII>
?
[2025-05-30 14:06:16.530]# RECV HEX>
21 01 01 17 02 10 00 06 06 00 12 08 01 10 03 07 00 06 10 00 02 

[2025-05-30 14:06:16.545]# SEND ASCII>
?
[2025-05-30 14:06:16.609]# RECV HEX>
21 01 01 17 02 10 00 06 06 00 12 08 01 10 03 07 00 06 10 00 02 

[2025-05-30 14:06:16.657]# SEND ASCII>
?
[2025-05-30 14:06:16.720]# RECV HEX>
21 01 01 17 02 10 00 06 06 00 12 08 01 10 03 07 00 06 10 00 01 

[2025-05-30 14:06:16.768]# SEND ASCII>
?
[2025-05-30 14:06:16.831]# RECV HEX>
21 01 01 17 02 10 00 06 08 00 12 09 04 10 03 07 07 06 10 00 01 

[2025-05-30 14:06:16.863]# SEND ASCII>
?
[2025-05-30 14:06:16.927]# RECV HEX>
21 01 01 17 02 10 00 06 08 00 12 09 04 10 03 07 07 06 10 00 01 

[2025-05-30 14:06:16.958]# SEND ASCII>
?
[2025-05-30 14:06:17.023]# RECV HEX>
21 01 01 17 02 10 00 06 08 00 12 09 04 10 03 07 07 06 10 00 01 

[2025-05-30 14:06:17.055]# SEND ASCII>
?
[2025-05-30 14:06:17.118]# RECV HEX>
21 01 01 17 02 10 00 06 08 00 12 09 04 10 03 07 07 06 10 00 01 

[2025-05-30 14:06:17.166]# SEND ASCII>
?
[2025-05-30 14:06:17.245]# RECV HEX>
21 01 01 17 02 10 00 06 08 00 12 09 04 10 03 07 07 06 10 00 01 

[2025-05-30 14:06:17.261]# SEND ASCII>
?
[2025-05-30 14:06:17.341]# RECV HEX>
21 01 01 17 03 10 00 06 07 00 12 08 07 10 03 07 03 06 10 00 01 

[2025-05-30 14:06:17.373]# SEND ASCII>
?
[2025-05-30 14:06:17.436]# RECV HEX>
21 01 01 17 03 10 00 06 07 00 12 08 07 10 03 07 03 06 10 00 01 

[2025-05-30 14:06:17.452]# SEND ASCII>
?
[2025-05-30 14:06:17.531]# RECV HEX>
21 01 01 17 03 10 00 06 07 00 12 08 07 10 03 07 03 06 10 00 01 

[2025-05-30 14:06:17.547]# SEND ASCII>
?
[2025-05-30 14:06:17.626]# RECV HEX>
21 01 01 17 03 10 00 06 07 00 12 08 07 10 03 07 03 06 10 00 01 

[2025-05-30 14:06:17.658]# SEND ASCII>
?
[2025-05-30 14:06:17.721]# RECV HEX>
21 01 01 17 03 10 00 06 07 00 12 08 07 10 03 07 03 06 10 00 01 

[2025-05-30 14:06:17.769]# SEND ASCII>
?
[2025-05-30 14:06:17.832]# RECV HEX>
21 01 01 17 02 10 00 06 06 00 12 08 04 10 03 07 01 06 10 00 01 

[2025-05-30 14:06:17.864]# SEND ASCII>
?
[2025-05-30 14:06:17.927]# RECV HEX>
21 01 01 17 02 10 00 06 06 00 12 08 04 10 03 07 01 06 10 00 01 

[2025-05-30 14:06:17.959]# SEND ASCII>
?
[2025-05-30 14:06:18.022]# RECV HEX>
21 01 01 17 02 10 00 06 06 00 12 08 04 10 03 07 01 06 10 00 01 

[2025-05-30 14:06:18.070]# SEND ASCII>
?
[2025-05-30 14:06:18.133]# RECV HEX>
21 01 01 17 02 10 00 06 06 00 12 08 04 10 03 07 01 06 10 00 01 

[2025-05-30 14:06:18.164]# SEND ASCII>
?
[2025-05-30 14:06:18.228]# RECV HEX>
21 01 01 17 02 10 00 06 06 00 12 08 04 10 03 07 01 06 10 00 01 

[2025-05-30 14:06:18.260]# SEND ASCII>
?
[2025-05-30 14:06:18.323]# RECV HEX>
21 01 01 17 02 10 00 06 06 00 12 08 04 10 03 07 01 06 10 00 01 

[2025-05-30 14:06:18.370]# SEND ASCII>
?
[2025-05-30 14:06:18.450]# RECV HEX>
21 01 01 17 02 10 00 06 07 00 12 08 07 10 03 07 03 06 10 00 01 

[2025-05-30 14:06:18.466]# SEND ASCII>
?
[2025-05-30 14:06:18.530]# RECV HEX>
21 01 01 17 02 10 00 06 07 00 12 08 07 10 03 07 03 06 10 00 01 

[2025-05-30 14:06:18.546]# SEND ASCII>
?
[2025-05-30 14:06:18.609]# RECV HEX>
21 01 01 17 02 10 00 06 07 00 12 08 07 10 03 07 03 06 10 00 01 

[2025-05-30 14:06:18.657]# SEND ASCII>
?
[2025-05-30 14:06:18.720]# RECV HEX>
21 01 01 17 02 10 00 06 07 00 12 08 07 10 03 07 03 06 10 00 01 

[2025-05-30 14:06:18.767]# SEND ASCII>
?
[2025-05-30 14:06:18.831]# RECV HEX>
21 01 01 17 02 10 00 06 07 00 12 09 01 10 03 07 05 06 10 00 01 

[2025-05-30 14:06:18.862]# SEND ASCII>
?
[2025-05-30 14:06:18.926]# RECV HEX>
21 01 01 17 03 10 00 06 07 00 12 09 01 10 03 07 05 06 10 00 02 

[2025-05-30 14:06:18.958]# SEND ASCII>
?
[2025-05-30 14:06:19.022]# RECV HEX>
21 01 01 17 03 10 00 06 07 00 12 09 01 10 03 07 05 06 10 00 02 

[2025-05-30 14:06:19.069]# SEND ASCII>
?
[2025-05-30 14:06:19.149]# RECV HEX>
21 01 01 17 03 10 00 06 07 00 12 09 01 10 03 07 05 06 10 00 02 

[2025-05-30 14:06:19.180]# SEND ASCII>
?
[2025-05-30 14:06:19.244]# RECV HEX>
21 01 01 17 03 10 00 06 07 00 12 09 01 10 03 07 05 06 10 00 02 

[2025-05-30 14:06:19.260]# SEND ASCII>
?
[2025-05-30 14:06:19.338]# RECV HEX>
21 01 01 17 03 10 00 06 06 00 12 08 03 10 03 07 01 06 10 00 02 

[2025-05-30 14:06:19.370]# SEND ASCII>
?
[2025-05-30 14:06:19.434]# RECV HEX>
21 01 01 17 03 10 00 06 06 00 12 08 03 10 03 07 01 06 10 00 02 

[2025-05-30 14:06:19.465]# SEND ASCII>
?
[2025-05-30 14:06:19.529]# RECV HEX>
21 01 01 17 03 10 00 06 06 00 12 08 03 10 03 07 01 06 10 00 02 

[2025-05-30 14:06:19.577]# SEND ASCII>
?
[2025-05-30 14:06:19.641]# RECV HEX>
21 01 01 17 03 10 00 06 06 00 12 08 03 10 03 07 01 06 10 00 02 

[2025-05-30 14:06:19.657]# SEND ASCII>
?
[2025-05-30 14:06:19.736]# RECV HEX>
21 01 01 17 03 10 00 06 06 00 12 08 03 10 03 07 01 06 10 00 02 

[2025-05-30 14:06:19.752]# SEND ASCII>
?
[2025-05-30 14:06:19.831]# RECV HEX>
21 01 01 17 02 10 00 06 08 00 12 09 02 10 03 07 05 06 10 00 01 

[2025-05-30 14:06:19.863]# SEND ASCII>
?
[2025-05-30 14:06:19.927]# RECV HEX>
21 01 01 17 02 10 00 06 08 00 12 09 02 10 03 07 05 06 10 00 01 

[2025-05-30 14:06:19.958]# SEND ASCII>
?
[2025-05-30 14:06:20.022]# RECV HEX>
21 01 01 17 02 10 00 06 08 00 12 09 02 10 03 07 05 06 10 00 01 

[2025-05-30 14:06:20.070]# SEND ASCII>
?
[2025-05-30 14:06:20.133]# RECV HEX>
21 01 01 17 02 10 00 06 08 00 12 09 02 10 03 07 05 06 10 00 02 

[2025-05-30 14:06:20.165]# SEND ASCII>
?
[2025-05-30 14:06:20.228]# RECV HEX>
21 01 01 17 02 10 00 06 08 00 12 09 02 10 03 07 05 06 10 00 02 

[2025-05-30 14:06:20.260]# SEND ASCII>
?
[2025-05-30 14:06:20.324]# RECV HEX>
21 01 01 17 02 10 00 06 06 00 12 08 01 10 03 07 00 06 10 00 02 

[2025-05-30 14:06:20.371]# SEND ASCII>
?
[2025-05-30 14:06:20.451]# RECV HEX>
21 01 01 17 02 10 00 06 06 00 12 08 01 10 03 07 00 06 10 00 02 

[2025-05-30 14:06:20.467]# SEND ASCII>
?
[2025-05-30 14:06:20.530]# RECV HEX>
21 01 01 17 02 10 00 06 06 00 12 08 01 10 03 07 00 06 10 00 02 

[2025-05-30 14:06:20.546]# SEND ASCII>
?
[2025-05-30 14:06:20.626]# RECV HEX>
21 01 01 17 02 10 00 06 06 00 12 08 01 10 03 07 00 06 10 00 02 

[2025-05-30 14:06:20.657]# SEND ASCII>
?
[2025-05-30 14:06:20.720]# RECV HEX>
21 01 01 17 02 10 00 06 06 00 12 08 01 10 03 07 00 06 10 00 02 

[2025-05-30 14:06:20.768]# SEND ASCII>
?
[2025-05-30 14:06:20.831]# RECV HEX>
21 01 01 17 02 10 00 06 07 00 12 09 00 10 03 07 04 06 10 00 02 

[2025-05-30 14:06:20.863]# SEND ASCII>
?
[2025-05-30 14:06:20.911]# RECV HEX>
21 01 01 17 02 10 00 06 07 00 12 09 00 10 03 07 04 06 10 00 02 
