
[2025-05-31 20:31:31.452]# SEND ASCII>
?
[2025-05-31 20:31:31.516]# RECV HEX>
21 01 02 10 00 10 04 02 06 04 11 02 01 10 08 01 00 06 10 00 01 

[2025-05-31 20:31:31.548]# SEND ASCII>
?
[2025-05-31 20:31:31.596]# RECV HEX>
21 01 02 10 00 10 04 02 06 04 11 02 01 10 08 01 00 06 10 00 01 

[2025-05-31 20:31:31.643]# SEND ASCII>
?
[2025-05-31 20:31:31.707]# RECV HEX>
21 01 02 10 00 10 04 02 06 04 11 02 01 10 08 01 00 06 10 00 01 

[2025-05-31 20:31:31.755]# SEND ASCII>
?
[2025-05-31 20:31:31.819]# RECV HEX>
21 01 02 10 00 10 04 02 06 04 11 02 05 10 08 01 00 06 10 00 01 

[2025-05-31 20:31:31.851]# SEND ASCII>
?
[2025-05-31 20:31:31.914]# RECV HEX>
21 01 02 10 00 10 04 02 06 04 11 02 05 10 08 01 00 06 10 00 01 

[2025-05-31 20:31:31.946]# SEND ASCII>
?
[2025-05-31 20:31:32.009]# RECV HEX>
21 01 02 10 00 10 04 02 06 04 11 02 05 10 08 01 00 06 10 00 01 

[2025-05-31 20:31:32.056]# SEND ASCII>
?
[2025-05-31 20:31:32.136]# RECV HEX>
21 01 02 10 00 10 04 02 06 04 11 02 05 10 08 01 00 06 10 00 01 

[2025-05-31 20:31:32.142]# SEND ASCII>
?
[2025-05-31 20:31:32.216]# RECV HEX>
21 01 02 10 00 10 04 02 06 04 11 02 05 10 08 01 00 06 10 00 01 

[2025-05-31 20:31:32.264]# SEND ASCII>
?
[2025-05-31 20:31:32.327]# RECV HEX>
21 01 02 10 00 10 04 02 07 04 11 03 07 10 08 01 01 06 10 00 01 

[2025-05-31 20:31:32.343]# SEND ASCII>
?
[2025-05-31 20:31:32.423]# RECV HEX>
21 01 02 10 00 10 04 02 07 04 11 03 07 10 08 01 01 06 10 00 01 

[2025-05-31 20:31:32.438]# SEND ASCII>
?
[2025-05-31 20:31:32.502]# RECV HEX>
21 01 02 10 00 10 04 02 07 04 11 03 07 10 08 01 01 06 10 00 01 

[2025-05-31 20:31:32.550]# SEND ASCII>
?
[2025-05-31 20:31:32.614]# RECV HEX>
21 01 02 10 00 10 04 02 07 04 11 03 07 10 08 01 01 06 10 00 01 

[2025-05-31 20:31:32.645]# SEND ASCII>
?
[2025-05-31 20:31:32.708]# RECV HEX>
21 01 02 10 00 10 04 02 07 04 11 03 07 10 08 01 01 06 10 00 01 

[2025-05-31 20:31:32.756]# SEND ASCII>
?
[2025-05-31 20:31:32.820]# RECV HEX>
21 01 01 19 09 10 04 02 06 04 11 02 03 10 08 01 01 06 10 00 01 

[2025-05-31 20:31:32.852]# SEND ASCII>
?
[2025-05-31 20:31:32.916]# RECV HEX>
21 01 01 19 09 10 04 02 06 04 11 02 03 10 08 01 01 06 10 00 01 

[2025-05-31 20:31:32.948]# SEND ASCII>
?
[2025-05-31 20:31:33.027]# RECV HEX>
21 01 01 19 09 10 04 02 06 04 11 02 03 10 08 01 01 06 10 00 01 

[2025-05-31 20:31:33.058]# SEND ASCII>
?
[2025-05-31 20:31:33.122]# RECV HEX>
21 01 01 19 09 10 04 02 06 04 11 02 03 10 08 01 01 06 10 00 01 

[2025-05-31 20:31:33.154]# SEND ASCII>
?
[2025-05-31 20:31:33.233]# RECV HEX>
21 01 01 19 09 10 04 02 06 04 11 02 03 10 08 01 01 06 10 00 01 

[2025-05-31 20:31:33.249]# SEND ASCII>
?
[2025-05-31 20:31:33.312]# RECV HEX>
21 01 01 19 09 10 05 04 07 05 16 03 08 10 08 06 01 06 10 00 01 

[2025-05-31 20:31:33.343]# SEND ASCII>
?
[2025-05-31 20:31:33.407]# RECV HEX>
21 01 01 19 09 10 05 04 07 05 16 03 08 10 08 06 01 06 10 00 01 

[2025-05-31 20:31:33.455]# SEND ASCII>
?
[2025-05-31 20:31:33.519]# RECV HEX>
21 01 01 19 09 10 05 04 07 05 16 03 08 10 08 06 01 06 10 00 01 

[2025-05-31 20:31:33.551]# SEND ASCII>
?
[2025-05-31 20:31:33.614]# RECV HEX>
21 01 01 19 09 10 05 04 07 05 16 03 08 10 08 06 01 06 10 00 01 

[2025-05-31 20:31:33.646]# SEND ASCII>
?
[2025-05-31 20:31:33.725]# RECV HEX>
21 01 01 19 09 10 05 04 07 05 16 03 08 10 08 06 01 06 10 00 01 

[2025-05-31 20:31:33.757]# SEND ASCII>
?
[2025-05-31 20:31:33.821]# RECV HEX>
21 01 02 10 00 10 04 07 05 04 15 08 02 10 08 00 05 06 10 00 01 

[2025-05-31 20:31:33.852]# SEND ASCII>
?
[2025-05-31 20:31:33.915]# RECV HEX>
21 01 02 10 00 10 04 07 05 04 15 08 02 10 08 00 05 06 10 00 01 

[2025-05-31 20:31:33.947]# SEND ASCII>
?
[2025-05-31 20:31:34.010]# RECV HEX>
21 01 02 10 00 10 04 07 05 04 15 08 02 10 08 00 05 06 10 00 01 

[2025-05-31 20:31:34.057]# SEND ASCII>
?
[2025-05-31 20:31:34.138]# RECV HEX>
21 01 02 10 00 10 04 07 05 04 15 08 02 10 08 00 05 06 10 00 01 

[2025-05-31 20:31:34.153]# SEND ASCII>
?
[2025-05-31 20:31:34.233]# RECV HEX>
21 01 02 10 00 10 04 07 05 04 15 08 02 10 08 00 05 06 10 00 01 

[2025-05-31 20:31:34.248]# SEND ASCII>
?
[2025-05-31 20:31:34.327]# RECV HEX>
21 01 01 19 08 10 04 06 04 04 14 09 00 10 08 00 08 06 10 00 01 

[2025-05-31 20:31:34.343]# SEND ASCII>
?
[2025-05-31 20:31:34.423]# RECV HEX>
21 01 01 19 08 10 04 06 04 04 14 09 00 10 08 00 08 06 10 00 01 

[2025-05-31 20:31:34.438]# SEND ASCII>
?
[2025-05-31 20:31:34.502]# RECV HEX>
21 01 01 19 08 10 04 06 04 04 14 09 00 10 08 00 08 06 10 00 01 

[2025-05-31 20:31:34.550]# SEND ASCII>
?
[2025-05-31 20:31:34.613]# RECV HEX>
21 01 01 19 08 10 04 06 04 04 14 09 00 10 08 00 08 06 10 00 01 

[2025-05-31 20:31:34.660]# SEND ASCII>
?
[2025-05-31 20:31:34.724]# RECV HEX>
21 01 01 19 08 10 04 06 04 04 14 09 00 10 08 00 08 06 10 00 01 

[2025-05-31 20:31:34.756]# SEND ASCII>
?
[2025-05-31 20:31:34.819]# RECV HEX>
21 01 01 19 09 10 04 03 09 04 13 00 04 10 08 02 01 06 10 00 01 

[2025-05-31 20:31:34.850]# SEND ASCII>
?
[2025-05-31 20:31:34.913]# RECV HEX>
21 01 01 19 09 10 04 03 09 04 13 00 04 10 08 02 01 06 10 00 01 

[2025-05-31 20:31:34.945]# SEND ASCII>
?
[2025-05-31 20:31:35.024]# RECV HEX>
21 01 01 19 09 10 04 03 09 04 13 00 04 10 08 02 01 06 10 00 01 

[2025-05-31 20:31:35.056]# SEND ASCII>
?
[2025-05-31 20:31:35.119]# RECV HEX>
21 01 01 19 09 10 04 03 09 04 13 00 04 10 08 02 01 06 10 00 01 

[2025-05-31 20:31:35.167]# SEND ASCII>
?
[2025-05-31 20:31:35.246]# RECV HEX>
21 01 01 19 09 10 04 03 09 04 13 00 04 10 08 02 01 06 10 00 01 

[2025-05-31 20:31:35.262]# SEND ASCII>
?
[2025-05-31 20:31:35.342]# RECV HEX>
21 01 01 19 08 10 04 03 00 04 12 00 04 10 08 01 09 06 10 00 01 

[2025-05-31 20:31:35.357]# SEND ASCII>
?
[2025-05-31 20:31:35.405]# RECV HEX>
21 01 01 19 08 10 04 03 00 04 12 00 04 10 08 01 09 06 10 00 01 

[2025-05-31 20:31:35.452]# SEND ASCII>
?
[2025-05-31 20:31:35.515]# RECV HEX>
21 01 01 19 08 10 04 03 00 04 12 00 04 10 08 01 09 06 10 00 01 

[2025-05-31 20:31:35.547]# SEND ASCII>
?
[2025-05-31 20:31:35.611]# RECV HEX>
21 01 01 19 08 10 04 03 00 04 12 00 04 10 08 01 09 06 10 00 01 

[2025-05-31 20:31:35.658]# SEND ASCII>
?
[2025-05-31 20:31:35.723]# RECV HEX>
21 01 01 19 08 10 04 03 00 04 12 00 04 10 08 01 09 06 10 00 01 

[2025-05-31 20:31:35.754]# SEND ASCII>
?
[2025-05-31 20:31:35.817]# RECV HEX>
21 01 01 19 07 10 04 02 06 04 11 03 05 10 08 01 04 06 10 00 01 

[2025-05-31 20:31:35.849]# SEND ASCII>
?
[2025-05-31 20:31:35.912]# RECV HEX>
21 01 01 19 07 10 04 02 06 04 11 03 05 10 08 01 04 06 10 00 01 

[2025-05-31 20:31:35.959]# SEND ASCII>
?
[2025-05-31 20:31:36.039]# RECV HEX>
21 01 01 19 07 10 04 02 06 04 11 03 05 10 08 01 04 06 10 00 01 

[2025-05-31 20:31:36.055]# SEND ASCII>
?
[2025-05-31 20:31:36.135]# RECV HEX>
21 01 01 19 07 10 04 02 06 04 11 03 05 10 08 01 04 06 10 00 01 

[2025-05-31 20:31:36.151]# SEND ASCII>
?
[2025-05-31 20:31:36.230]# RECV HEX>
21 01 01 19 07 10 04 02 06 04 11 03 05 10 08 01 04 06 10 00 01 

[2025-05-31 20:31:36.262]# SEND ASCII>
?
[2025-05-31 20:31:36.341]# RECV HEX>
21 01 01 19 08 10 04 02 05 04 11 01 07 10 08 01 02 06 10 00 01 

[2025-05-31 20:31:36.373]# SEND ASCII>
?
[2025-05-31 20:31:36.420]# RECV HEX>
21 01 01 19 08 10 04 02 05 04 11 01 07 10 08 01 02 06 10 00 02 

[2025-05-31 20:31:36.436]# SEND ASCII>
?
[2025-05-31 20:31:36.499]# RECV HEX>
21 01 01 19 08 10 04 02 05 04 11 01 07 10 08 01 02 06 10 00 02 

[2025-05-31 20:31:36.547]# SEND ASCII>
?
[2025-05-31 20:31:36.610]# RECV HEX>
21 01 01 19 08 10 04 02 05 04 11 01 07 10 08 01 02 06 10 00 02 

[2025-05-31 20:31:36.658]# SEND ASCII>
?
[2025-05-31 20:31:36.722]# RECV HEX>
21 01 01 19 08 10 04 02 05 04 11 01 07 10 08 01 02 06 10 00 01 

[2025-05-31 20:31:36.753]# SEND ASCII>
?
[2025-05-31 20:31:36.817]# RECV HEX>
21 01 01 19 09 10 04 02 05 04 11 00 07 10 08 01 00 06 10 00 01 

[2025-05-31 20:31:36.848]# SEND ASCII>
?
[2025-05-31 20:31:36.912]# RECV HEX>
21 01 01 19 09 10 04 02 05 04 11 00 07 10 08 01 00 06 10 00 01 

[2025-05-31 20:31:36.960]# SEND ASCII>
?
[2025-05-31 20:31:37.039]# RECV HEX>
21 01 01 19 09 10 04 02 05 04 11 00 07 10 08 01 00 06 10 00 01 

[2025-05-31 20:31:37.055]# SEND ASCII>
?
[2025-05-31 20:31:37.134]# RECV HEX>
21 01 01 19 09 10 04 02 05 04 11 00 07 10 08 01 00 06 10 00 01 

[2025-05-31 20:31:37.150]# SEND ASCII>
?
[2025-05-31 20:31:37.230]# RECV HEX>
21 01 01 19 09 10 04 02 05 04 11 00 07 10 08 01 00 06 10 00 01 

[2025-05-31 20:31:37.261]# SEND ASCII>
?
[2025-05-31 20:31:37.325]# RECV HEX>
21 01 01 19 08 10 04 02 06 04 11 02 03 10 08 01 01 06 10 00 00 

[2025-05-31 20:31:37.346]# SEND ASCII>
?
[2025-05-31 20:31:37.420]# RECV HEX>
21 01 01 19 08 10 04 02 06 04 11 02 03 10 08 01 01 06 10 00 00 

[2025-05-31 20:31:37.436]# SEND ASCII>
?
[2025-05-31 20:31:37.515]# RECV HEX>
21 01 01 19 08 10 04 02 06 04 11 02 03 10 08 01 01 06 10 00 00 

[2025-05-31 20:31:37.547]# SEND ASCII>
?
[2025-05-31 20:31:37.611]# RECV HEX>
21 01 01 19 08 10 04 02 06 04 11 02 03 10 08 01 01 06 10 00 01 

[2025-05-31 20:31:37.658]# SEND ASCII>
?
[2025-05-31 20:31:37.721]# RECV HEX>
21 01 01 19 08 10 04 02 06 04 11 02 03 10 08 01 01 06 10 00 01 

[2025-05-31 20:31:37.753]# SEND ASCII>
?
[2025-05-31 20:31:37.817]# RECV HEX>
21 01 01 19 09 10 04 02 05 04 11 01 04 10 08 01 00 06 10 00 01 

[2025-05-31 20:31:37.849]# SEND ASCII>
?
[2025-05-31 20:31:37.912]# RECV HEX>
21 01 01 19 09 10 04 02 05 04 11 01 04 10 08 01 00 06 10 00 01 

[2025-05-31 20:31:37.944]# SEND ASCII>
?
[2025-05-31 20:31:38.007]# RECV HEX>
21 01 01 19 09 10 04 02 05 04 11 01 04 10 08 01 00 06 10 00 01 

[2025-05-31 20:31:38.055]# SEND ASCII>
?
[2025-05-31 20:31:38.134]# RECV HEX>
21 01 01 19 09 10 04 02 05 04 11 01 04 10 08 01 00 06 10 00 01 

[2025-05-31 20:31:38.165]# SEND ASCII>
?
[2025-05-31 20:31:38.229]# RECV HEX>
21 01 01 19 09 10 04 02 05 04 11 01 04 10 08 01 00 06 10 00 01 

[2025-05-31 20:31:38.261]# SEND ASCII>
?
[2025-05-31 20:31:38.324]# RECV HEX>
21 01 01 19 09 10 04 02 06 04 11 02 05 10 08 01 01 06 10 00 01 

[2025-05-31 20:31:38.356]# SEND ASCII>
?
[2025-05-31 20:31:38.420]# RECV HEX>
21 01 01 19 09 10 04 02 06 04 11 02 05 10 08 01 01 06 10 00 01 

[2025-05-31 20:31:38.468]# SEND ASCII>
?
[2025-05-31 20:31:38.531]# RECV HEX>
21 01 01 19 09 10 04 02 06 04 11 02 05 10 08 01 01 06 10 00 01 

[2025-05-31 20:31:38.547]# SEND ASCII>
?
[2025-05-31 20:31:38.626]# RECV HEX>
21 01 01 19 09 10 04 02 06 04 11 02 05 10 08 01 01 06 10 00 01 

[2025-05-31 20:31:38.658]# SEND ASCII>
?
[2025-05-31 20:31:38.721]# RECV HEX>
21 01 01 19 09 10 04 02 06 04 11 02 05 10 08 01 01 06 10 00 01 

[2025-05-31 20:31:38.753]# SEND ASCII>
?
[2025-05-31 20:31:38.816]# RECV HEX>
21 01 01 19 08 10 04 02 06 04 11 02 09 10 08 01 02 06 10 00 01 

[2025-05-31 20:31:38.848]# SEND ASCII>
?
[2025-05-31 20:31:38.912]# RECV HEX>
21 01 01 19 08 10 04 02 06 04 11 02 09 10 08 01 02 06 10 00 01 

[2025-05-31 20:31:38.959]# SEND ASCII>
?
[2025-05-31 20:31:39.022]# RECV HEX>
21 01 01 19 08 10 04 02 06 04 11 02 09 10 08 01 02 06 10 00 01 

[2025-05-31 20:31:39.053]# SEND ASCII>
?
[2025-05-31 20:31:39.132]# RECV HEX>
21 01 01 19 08 10 04 02 06 04 11 02 09 10 08 01 02 06 10 00 01 

[2025-05-31 20:31:39.164]# SEND ASCII>
?
[2025-05-31 20:31:39.228]# RECV HEX>
21 01 01 19 08 10 04 02 06 04 11 02 09 10 08 01 02 06 10 00 01 

[2025-05-31 20:31:39.259]# SEND ASCII>
?
[2025-05-31 20:31:39.323]# RECV HEX>
21 01 01 19 09 10 04 02 06 04 11 02 02 10 08 01 01 06 10 00 01 

[2025-05-31 20:31:39.354]# SEND ASCII>
?
[2025-05-31 20:31:39.418]# RECV HEX>
21 01 01 19 09 10 04 02 06 04 11 02 02 10 08 01 01 06 10 00 01 

[2025-05-31 20:31:39.449]# SEND ASCII>
?
[2025-05-31 20:31:39.513]# RECV HEX>
21 01 01 19 09 10 04 02 06 04 11 02 02 10 08 01 01 06 10 00 01 

[2025-05-31 20:31:39.560]# SEND ASCII>
?
[2025-05-31 20:31:39.623]# RECV HEX>
21 01 01 19 09 10 04 02 06 04 11 02 02 10 08 01 01 06 10 00 01 

[2025-05-31 20:31:39.639]# SEND ASCII>
?
[2025-05-31 20:31:39.703]# RECV HEX>
21 01 01 19 09 10 04 02 06 04 11 02 02 10 08 01 01 06 10 00 01 

[2025-05-31 20:31:39.751]# SEND ASCII>
?
[2025-05-31 20:31:39.815]# RECV HEX>
21 01 01 19 08 10 04 02 05 04 11 01 09 10 08 01 01 06 10 00 00 

[2025-05-31 20:31:39.847]# SEND ASCII>
?
[2025-05-31 20:31:39.910]# RECV HEX>
21 01 01 19 08 10 04 02 05 04 11 01 09 10 08 01 01 06 10 00 00 

[2025-05-31 20:31:39.957]# SEND ASCII>
?
[2025-05-31 20:31:40.021]# RECV HEX>
21 01 01 19 08 10 04 02 05 04 11 01 09 10 08 01 01 06 10 00 00 

[2025-05-31 20:31:40.053]# SEND ASCII>
?
[2025-05-31 20:31:40.116]# RECV HEX>
21 01 01 19 08 10 04 02 05 04 11 01 09 10 08 01 01 06 10 00 01 

[2025-05-31 20:31:40.163]# SEND ASCII>
?
[2025-05-31 20:31:40.227]# RECV HEX>
21 01 01 19 08 10 04 02 05 04 11 01 09 10 08 01 01 06 10 00 01 

[2025-05-31 20:31:40.259]# SEND ASCII>
?
[2025-05-31 20:31:40.323]# RECV HEX>
21 01 01 19 08 10 04 02 06 04 11 02 06 10 08 01 02 06 10 00 01 

[2025-05-31 20:31:40.347]# SEND ASCII>
?
[2025-05-31 20:31:40.418]# RECV HEX>
21 01 01 19 08 10 04 02 06 04 11 02 06 10 08 01 02 06 10 00 01 

[2025-05-31 20:31:40.450]# SEND ASCII>
?
[2025-05-31 20:31:40.513]# RECV HEX>
21 01 01 19 08 10 04 02 06 04 11 02 06 10 08 01 02 06 10 00 01 

[2025-05-31 20:31:40.561]# SEND ASCII>
?
[2025-05-31 20:31:40.624]# RECV HEX>
21 01 01 19 08 10 04 02 06 04 11 02 06 10 08 01 02 06 10 00 01 

[2025-05-31 20:31:40.640]# SEND ASCII>
?
[2025-05-31 20:31:40.719]# RECV HEX>
21 01 01 19 08 10 04 02 06 04 11 02 06 10 08 01 02 06 10 00 01 

[2025-05-31 20:31:40.751]# SEND ASCII>
?
[2025-05-31 20:31:40.814]# RECV HEX>
21 01 01 19 08 10 04 02 05 04 11 01 09 10 08 01 02 06 10 00 02 

[2025-05-31 20:31:40.845]# SEND ASCII>
?
[2025-05-31 20:31:40.909]# RECV HEX>
21 01 01 19 08 10 04 02 05 04 11 01 09 10 08 01 02 06 10 00 02 

[2025-05-31 20:31:40.956]# SEND ASCII>
?
[2025-05-31 20:31:41.020]# RECV HEX>
21 01 01 19 08 10 04 02 05 04 11 01 09 10 08 01 02 06 10 00 02 

[2025-05-31 20:31:41.051]# SEND ASCII>
?
[2025-05-31 20:31:41.115]# RECV HEX>
21 01 01 19 08 10 04 02 05 04 11 01 09 10 08 01 02 06 10 00 01 

[2025-05-31 20:31:41.162]# SEND ASCII>
?
[2025-05-31 20:31:41.226]# RECV HEX>
21 01 01 19 08 10 04 02 05 04 11 01 09 10 08 01 02 06 10 00 01 

[2025-05-31 20:31:41.257]# SEND ASCII>
?
[2025-05-31 20:31:41.337]# RECV HEX>
21 01 01 19 07 10 04 02 06 04 11 02 09 10 08 01 03 06 10 00 01 

[2025-05-31 20:31:41.368]# SEND ASCII>
?
[2025-05-31 20:31:41.432]# RECV HEX>
21 01 01 19 07 10 04 02 06 04 11 02 09 10 08 01 03 06 10 00 00 

[2025-05-31 20:31:41.447]# SEND ASCII>
?
[2025-05-31 20:31:41.527]# RECV HEX>
21 01 01 19 07 10 04 02 06 04 11 02 09 10 08 01 03 06 10 00 00 

[2025-05-31 20:31:41.559]# SEND ASCII>
?
[2025-05-31 20:31:41.623]# RECV HEX>
21 01 01 19 07 10 04 02 06 04 11 02 09 10 08 01 03 06 10 00 00 

[2025-05-31 20:31:41.670]# SEND ASCII>
?
[2025-05-31 20:31:41.734]# RECV HEX>
21 01 01 19 07 10 04 02 06 04 11 02 09 10 08 01 03 06 10 00 01 

[2025-05-31 20:31:41.750]# SEND ASCII>
?
[2025-05-31 20:31:41.830]# RECV HEX>
21 01 01 19 08 10 04 04 08 04 13 06 07 10 08 01 07 06 10 00 01 

[2025-05-31 20:31:41.846]# SEND ASCII>
?
[2025-05-31 20:31:41.925]# RECV HEX>
21 01 01 19 08 10 04 04 08 04 13 06 07 10 08 01 07 06 10 00 01 

[2025-05-31 20:31:41.957]# SEND ASCII>
?
[2025-05-31 20:31:42.021]# RECV HEX>
21 01 01 19 08 10 04 04 08 04 13 06 07 10 08 01 07 06 10 00 01 

[2025-05-31 20:31:42.053]# SEND ASCII>
?
[2025-05-31 20:31:42.116]# RECV HEX>
21 01 01 19 08 10 04 04 08 04 13 06 07 10 08 01 07 06 10 00 01 

[2025-05-31 20:31:42.164]# SEND ASCII>
?
[2025-05-31 20:31:42.228]# RECV HEX>
21 01 01 19 08 10 04 04 08 04 13 06 07 10 08 01 07 06 10 00 01 

[2025-05-31 20:31:42.260]# SEND ASCII>
?
[2025-05-31 20:31:42.323]# RECV HEX>
21 01 01 19 09 10 04 03 00 04 11 06 09 10 08 01 02 06 10 00 01 

[2025-05-31 20:31:42.355]# SEND ASCII>
?
[2025-05-31 20:31:42.418]# RECV HEX>
21 01 01 19 09 10 04 03 00 04 11 06 09 10 08 01 02 06 10 00 01 

[2025-05-31 20:31:42.450]# SEND ASCII>
?
[2025-05-31 20:31:42.529]# RECV HEX>
21 01 01 19 09 10 04 03 00 04 11 06 09 10 08 01 02 06 10 00 01 

[2025-05-31 20:31:42.545]# SEND ASCII>
?
[2025-05-31 20:31:42.624]# RECV HEX>
21 01 01 19 09 10 04 03 00 04 11 06 09 10 08 01 02 06 10 00 01 

[2025-05-31 20:31:42.640]# SEND ASCII>
?
[2025-05-31 20:31:42.720]# RECV HEX>
21 01 01 19 09 10 04 03 00 04 11 06 09 10 08 01 02 06 10 00 01 

[2025-05-31 20:31:42.752]# SEND ASCII>
?
[2025-05-31 20:31:42.815]# RECV HEX>
21 01 01 19 09 10 04 03 09 04 12 08 05 10 08 01 07 06 10 00 01 

[2025-05-31 20:31:42.847]# SEND ASCII>
?
[2025-05-31 20:31:42.911]# RECV HEX>
21 01 01 19 09 10 04 03 09 04 12 08 05 10 08 01 07 06 10 00 01 

[2025-05-31 20:31:42.959]# SEND ASCII>
?
[2025-05-31 20:31:43.022]# RECV HEX>
21 01 01 19 09 10 04 03 09 04 12 08 05 10 08 01 07 06 10 00 01 

[2025-05-31 20:31:43.053]# SEND ASCII>
?
[2025-05-31 20:31:43.117]# RECV HEX>
21 01 01 19 09 10 04 03 09 04 12 08 05 10 08 01 07 06 10 00 01 

[2025-05-31 20:31:43.165]# SEND ASCII>
?
[2025-05-31 20:31:43.244]# RECV HEX>
21 01 01 19 09 10 04 03 09 04 12 08 05 10 08 01 07 06 10 00 01 

[2025-05-31 20:31:43.260]# SEND ASCII>
?
[2025-05-31 20:31:43.339]# RECV HEX>
21 01 01 19 09 10 04 02 06 04 10 08 06 10 08 00 04 06 10 00 01 

[2025-05-31 20:31:43.371]# SEND ASCII>
?
[2025-05-31 20:31:43.435]# RECV HEX>
21 01 01 19 09 10 04 02 06 04 10 08 06 10 08 00 04 06 10 00 01 

[2025-05-31 20:31:43.448]# SEND ASCII>
?
[2025-05-31 20:31:43.530]# RECV HEX>
21 01 01 19 09 10 04 02 06 04 10 08 06 10 08 00 04 06 10 00 01 

[2025-05-31 20:31:43.545]# SEND ASCII>
?
[2025-05-31 20:31:43.625]# RECV HEX>
21 01 01 19 09 10 04 02 06 04 10 08 06 10 08 00 04 06 10 00 01 

[2025-05-31 20:31:43.641]# SEND ASCII>
?
[2025-05-31 20:31:43.720]# RECV HEX>
21 01 01 19 09 10 04 02 06 04 10 08 06 10 08 00 04 06 10 00 01 

[2025-05-31 20:31:43.752]# SEND ASCII>
?
[2025-05-31 20:31:43.815]# RECV HEX>
21 01 01 19 09 10 04 02 05 04 11 01 06 10 08 01 00 06 10 00 01 

[2025-05-31 20:31:43.847]# SEND ASCII>
?
[2025-05-31 20:31:43.911]# RECV HEX>
21 01 01 19 09 10 04 02 05 04 11 01 06 10 08 01 00 06 10 00 01 

[2025-05-31 20:31:43.959]# SEND ASCII>
?
[2025-05-31 20:31:44.023]# RECV HEX>
21 01 01 19 09 10 04 02 05 04 11 01 06 10 08 01 00 06 10 00 01 

[2025-05-31 20:31:44.054]# SEND ASCII>
?
[2025-05-31 20:31:44.118]# RECV HEX>
21 01 01 19 09 10 04 02 05 04 11 01 06 10 08 01 00 06 10 00 01 

[2025-05-31 20:31:44.166]# SEND ASCII>
?
[2025-05-31 20:31:44.229]# RECV HEX>
21 01 01 19 09 10 04 02 05 04 11 01 06 10 08 01 00 06 10 00 01 

[2025-05-31 20:31:44.261]# SEND ASCII>
?
[2025-05-31 20:31:44.324]# RECV HEX>
21 01 01 19 09 10 04 02 06 04 11 03 03 10 08 01 01 06 10 00 01 

[2025-05-31 20:31:44.356]# SEND ASCII>
?
[2025-05-31 20:31:44.436]# RECV HEX>
21 01 01 19 09 10 04 02 06 04 11 03 03 10 08 01 01 06 10 00 01 

[2025-05-31 20:31:44.452]# SEND ASCII>
?
[2025-05-31 20:31:44.532]# RECV HEX>
21 01 01 19 09 10 04 02 06 04 11 03 03 10 08 01 01 06 10 00 00 

[2025-05-31 20:31:44.548]# SEND ASCII>
?
[2025-05-31 20:31:44.627]# RECV HEX>
21 01 01 19 09 10 04 02 06 04 11 03 03 10 08 01 01 06 10 00 00 

[2025-05-31 20:31:44.643]# SEND ASCII>
?
[2025-05-31 20:31:44.722]# RECV HEX>
21 01 01 19 09 10 04 02 06 04 11 03 03 10 08 01 01 06 10 00 00 

[2025-05-31 20:31:44.754]# SEND ASCII>
?
[2025-05-31 20:31:44.817]# RECV HEX>
21 01 01 19 08 10 04 02 06 04 11 03 03 10 08 01 02 06 10 00 00 

[2025-05-31 20:31:44.849]# SEND ASCII>
?
[2025-05-31 20:31:44.913]# RECV HEX>
21 01 01 19 08 10 04 02 06 04 11 03 03 10 08 01 02 06 10 00 01 

[2025-05-31 20:31:44.961]# SEND ASCII>
?
[2025-05-31 20:31:45.025]# RECV HEX>
21 01 01 19 08 10 04 02 06 04 11 03 03 10 08 01 02 06 10 00 01 

[2025-05-31 20:31:45.056]# SEND ASCII>
?
[2025-05-31 20:31:45.119]# RECV HEX>
21 01 01 19 08 10 04 02 06 04 11 03 03 10 08 01 02 06 10 00 01 

[2025-05-31 20:31:45.151]# SEND ASCII>
?
[2025-05-31 20:31:45.214]# RECV HEX>
21 01 01 19 08 10 04 02 06 04 11 03 03 10 08 01 02 06 10 00 00 

[2025-05-31 20:31:45.262]# SEND ASCII>
?
[2025-05-31 20:31:45.326]# RECV HEX>
21 01 01 19 09 10 04 02 06 04 11 02 01 10 08 01 01 06 10 00 00 

[2025-05-31 20:31:45.342]# SEND ASCII>
?
[2025-05-31 20:31:45.406]# RECV HEX>
21 01 01 19 09 10 04 02 06 04 11 02 01 10 08 01 01 06 10 00 00 

[2025-05-31 20:31:45.454]# SEND ASCII>
?
[2025-05-31 20:31:45.517]# RECV HEX>
21 01 01 19 09 10 04 02 06 04 11 02 01 10 08 01 01 06 10 00 01 

[2025-05-31 20:31:45.549]# SEND ASCII>
?
[2025-05-31 20:31:45.613]# RECV HEX>
21 01 01 19 09 10 04 02 06 04 11 02 01 10 08 01 01 06 10 00 01 

[2025-05-31 20:31:45.660]# SEND ASCII>
?
[2025-05-31 20:31:45.724]# RECV HEX>
21 01 01 19 09 10 04 02 06 04 11 02 01 10 08 01 01 06 10 00 01 

[2025-05-31 20:31:45.755]# SEND ASCII>
?
[2025-05-31 20:31:45.819]# RECV HEX>
21 01 01 19 09 10 04 02 06 04 11 02 00 10 08 01 01 06 10 00 01 

[2025-05-31 20:31:45.851]# SEND ASCII>
?
[2025-05-31 20:31:45.915]# RECV HEX>
21 01 01 19 09 10 04 02 06 04 11 02 00 10 08 01 01 06 10 00 01 

[2025-05-31 20:31:45.946]# SEND ASCII>
?
[2025-05-31 20:31:46.010]# RECV HEX>
21 01 01 19 09 10 04 02 06 04 11 02 00 10 08 01 01 06 10 00 01 

[2025-05-31 20:31:46.058]# SEND ASCII>
?
[2025-05-31 20:31:46.137]# RECV HEX>
21 01 01 19 09 10 04 02 06 04 11 02 00 10 08 01 01 06 10 00 00 

[2025-05-31 20:31:46.153]# SEND ASCII>
?
[2025-05-31 20:31:46.233]# RECV HEX>
21 01 01 19 09 10 04 02 06 04 11 02 00 10 08 01 01 06 10 00 00 

[2025-05-31 20:31:46.249]# SEND ASCII>
?
[2025-05-31 20:31:46.312]# RECV HEX>
21 01 01 19 09 10 04 02 06 04 11 02 08 10 08 01 02 06 10 00 00 

[2025-05-31 20:31:46.344]# SEND ASCII>
?
[2025-05-31 20:31:46.407]# RECV HEX>
21 01 01 19 09 10 04 02 06 04 11 02 08 10 08 01 02 06 10 00 01 

[2025-05-31 20:31:46.454]# SEND ASCII>
?
[2025-05-31 20:31:46.518]# RECV HEX>
21 01 01 19 09 10 04 02 06 04 11 02 08 10 08 01 02 06 10 00 01 

[2025-05-31 20:31:46.550]# SEND ASCII>
?
[2025-05-31 20:31:46.614]# RECV HEX>
21 01 01 19 09 10 04 02 06 04 11 02 08 10 08 01 02 06 10 00 01 

[2025-05-31 20:31:46.661]# SEND ASCII>
?
[2025-05-31 20:31:46.725]# RECV HEX>
21 01 01 19 09 10 04 02 06 04 11 02 08 10 08 01 02 06 10 00 01 

[2025-05-31 20:31:46.756]# SEND ASCII>
?
[2025-05-31 20:31:46.820]# RECV HEX>
21 01 01 19 09 10 04 02 06 04 11 02 03 10 08 01 01 06 10 00 01 

[2025-05-31 20:31:46.851]# SEND ASCII>
?
[2025-05-31 20:31:46.931]# RECV HEX>
21 01 01 19 09 10 04 02 06 04 11 02 03 10 08 01 01 06 10 00 01 

[2025-05-31 20:31:46.963]# SEND ASCII>
?
[2025-05-31 20:31:47.026]# RECV HEX>
21 01 01 19 09 10 04 02 06 04 11 02 03 10 08 01 01 06 10 00 01 

[2025-05-31 20:31:47.058]# SEND ASCII>
?
[2025-05-31 20:31:47.122]# RECV HEX>
21 01 01 19 09 10 04 02 06 04 11 02 03 10 08 01 01 06 10 00 01 

[2025-05-31 20:31:47.169]# SEND ASCII>
?
[2025-05-31 20:31:47.233]# RECV HEX>
21 01 01 19 09 10 04 02 06 04 11 02 03 10 08 01 01 06 10 00 01 

[2025-05-31 20:31:47.249]# SEND ASCII>
?
[2025-05-31 20:31:47.328]# RECV HEX>
21 01 01 19 09 10 04 02 06 04 11 03 03 10 08 01 01 06 10 00 01 

[2025-05-31 20:31:47.359]# SEND ASCII>
?
[2025-05-31 20:31:47.422]# RECV HEX>
21 01 01 19 09 10 04 02 06 04 11 03 03 10 08 01 01 06 10 00 00 

[2025-05-31 20:31:47.438]# SEND ASCII>
?
[2025-05-31 20:31:47.518]# RECV HEX>
21 01 01 19 09 10 04 02 06 04 11 03 03 10 08 01 01 06 10 00 00 

[2025-05-31 20:31:47.550]# SEND ASCII>
?
[2025-05-31 20:31:47.614]# RECV HEX>
21 01 01 19 09 10 04 02 06 04 11 03 03 10 08 01 01 06 10 00 00 

[2025-05-31 20:31:47.661]# SEND ASCII>
?
[2025-05-31 20:31:47.725]# RECV HEX>
21 01 01 19 09 10 04 02 06 04 11 03 03 10 08 01 01 06 10 00 00 

[2025-05-31 20:31:47.756]# SEND ASCII>
?
[2025-05-31 20:31:47.821]# RECV HEX>
21 01 01 19 09 10 04 02 05 04 11 01 08 10 08 01 01 06 10 00 00 

[2025-05-31 20:31:47.853]# SEND ASCII>
?
[2025-05-31 20:31:47.916]# RECV HEX>
21 01 01 19 09 10 04 02 05 04 11 01 08 10 08 01 01 06 10 00 00 

[2025-05-31 20:31:47.948]# SEND ASCII>
?
[2025-05-31 20:31:48.012]# RECV HEX>
21 01 01 19 09 10 04 02 05 04 11 01 08 10 08 01 01 06 10 00 01 

[2025-05-31 20:31:48.059]# SEND ASCII>
?
[2025-05-31 20:31:48.123]# RECV HEX>
21 01 01 19 09 10 04 02 05 04 11 01 08 10 08 01 01 06 10 00 01 

[2025-05-31 20:31:48.171]# SEND ASCII>
?
[2025-05-31 20:31:48.234]# RECV HEX>
21 01 01 19 09 10 04 02 05 04 11 01 08 10 08 01 01 06 10 00 01 

[2025-05-31 20:31:48.250]# SEND ASCII>
?
[2025-05-31 20:31:48.329]# RECV HEX>
21 01 01 19 09 10 04 02 06 04 11 03 04 10 08 01 02 06 10 00 01 

[2025-05-31 20:31:48.345]# SEND ASCII>
?
[2025-05-31 20:31:48.424]# RECV HEX>
21 01 01 19 09 10 04 02 06 04 11 03 04 10 08 01 02 06 10 00 01 

[2025-05-31 20:31:48.440]# SEND ASCII>
?
[2025-05-31 20:31:48.520]# RECV HEX>
21 01 01 19 09 10 04 02 06 04 11 03 04 10 08 01 02 06 10 00 01 

[2025-05-31 20:31:48.551]# SEND ASCII>
?
[2025-05-31 20:31:48.615]# RECV HEX>
21 01 01 19 09 10 04 02 06 04 11 03 04 10 08 01 02 06 10 00 01 

[2025-05-31 20:31:48.662]# SEND ASCII>
?
[2025-05-31 20:31:48.742]# RECV HEX>
21 01 01 19 09 10 04 02 06 04 11 03 04 10 08 01 02 06 10 00 01 

[2025-05-31 20:31:48.758]# SEND ASCII>
?
[2025-05-31 20:31:48.837]# RECV HEX>
21 01 01 19 09 10 04 02 06 04 11 02 01 10 08 01 01 06 10 00 01 

[2025-05-31 20:31:48.853]# SEND ASCII>
?
[2025-05-31 20:31:48.933]# RECV HEX>
21 01 01 19 09 10 04 02 06 04 11 02 01 10 08 01 01 06 10 00 00 

[2025-05-31 20:31:48.942]# SEND ASCII>
?
[2025-05-31 20:31:49.029]# RECV HEX>
21 01 01 19 09 10 04 02 06 04 11 02 01 10 08 01 01 06 10 00 00 

[2025-05-31 20:31:49.060]# SEND ASCII>
?
[2025-05-31 20:31:49.124]# RECV HEX>
21 01 01 19 09 10 04 02 06 04 11 02 01 10 08 01 01 06 10 00 00 

[2025-05-31 20:31:49.139]# SEND ASCII>
?
[2025-05-31 20:31:49.219]# RECV HEX>
21 01 01 19 09 10 04 02 06 04 11 02 01 10 08 01 01 06 10 00 00 

[2025-05-31 20:31:49.251]# SEND ASCII>
?
[2025-05-31 20:31:49.315]# RECV HEX>
21 01 01 19 08 10 05 02 03 05 12 05 04 10 08 04 00 06 10 00 00 

[2025-05-31 20:31:49.346]# SEND ASCII>
?
[2025-05-31 20:31:49.425]# RECV HEX>
21 01 01 19 08 10 05 02 03 05 12 05 04 10 08 04 00 06 10 00 00 

[2025-05-31 20:31:49.441]# SEND ASCII>
?
[2025-05-31 20:31:49.520]# RECV HEX>
21 01 01 19 08 10 05 02 03 05 12 05 04 10 08 04 00 06 10 00 00 

[2025-05-31 20:31:49.552]# SEND ASCII>
?
[2025-05-31 20:31:49.599]# RECV HEX>
21 01 01 19 08 10 05 02 03 05 12 05 04 10 08 04 00 06 10 00 01 

[2025-05-31 20:31:49.646]# SEND ASCII>
?
[2025-05-31 20:31:49.726]# RECV HEX>
21 01 01 19 08 10 05 02 03 05 12 05 04 10 08 04 00 06 10 00 01 

[2025-05-31 20:31:49.757]# SEND ASCII>
?
[2025-05-31 20:31:49.821]# RECV HEX>
21 01 01 19 09 10 04 04 04 04 13 02 01 10 08 01 04 06 10 00 01 

[2025-05-31 20:31:49.853]# SEND ASCII>
?
[2025-05-31 20:31:49.916]# RECV HEX>
21 01 01 19 09 10 04 04 04 04 13 02 01 10 08 01 04 06 10 00 00 

[2025-05-31 20:31:49.964]# SEND ASCII>
?
[2025-05-31 20:31:50.028]# RECV HEX>
21 01 01 19 09 10 04 04 04 04 13 02 01 10 08 01 04 06 10 00 00 

[2025-05-31 20:31:50.060]# SEND ASCII>
?
[2025-05-31 20:31:50.108]# RECV HEX>
21 01 01 19 09 10 04 04 04 04 13 02 01 10 08 01 04 06 10 00 00 

[2025-05-31 20:31:50.156]# SEND ASCII>
?
[2025-05-31 20:31:50.204]# RECV HEX>
21 01 01 19 09 10 04 04 04 04 13 02 01 10 08 01 04 06 10 00 00 

[2025-05-31 20:31:50.252]# SEND ASCII>
?
[2025-05-31 20:31:50.316]# RECV HEX>
21 01 01 19 08 10 06 01 04 06 11 07 08 10 08 04 01 06 10 00 00 

[2025-05-31 20:31:50.348]# SEND ASCII>
?
[2025-05-31 20:31:50.411]# RECV HEX>
21 01 01 19 08 10 06 01 04 06 11 07 08 10 08 04 01 06 10 00 00 

[2025-05-31 20:31:50.459]# SEND ASCII>
?
[2025-05-31 20:31:50.523]# RECV HEX>
21 01 01 19 08 10 06 01 04 06 11 07 08 10 08 04 01 06 10 00 00 

[2025-05-31 20:31:50.554]# SEND ASCII>
?
[2025-05-31 20:31:50.618]# RECV HEX>
21 01 01 19 08 10 06 01 04 06 11 07 08 10 08 04 01 06 10 00 00 

[2025-05-31 20:31:50.665]# SEND ASCII>
?
[2025-05-31 20:31:50.745]# RECV HEX>
21 01 01 19 08 10 06 01 04 06 11 07 08 10 08 04 01 06 10 00 00 

[2025-05-31 20:31:50.776]# SEND ASCII>
?
[2025-05-31 20:31:50.840]# RECV HEX>
21 01 01 19 07 10 06 04 07 06 17 01 02 10 08 06 07 06 10 00 00 

[2025-05-31 20:31:50.872]# SEND ASCII>
?
[2025-05-31 20:31:50.935]# RECV HEX>
21 01 01 19 07 10 06 04 07 06 17 01 02 10 08 06 07 06 10 00 00 

[2025-05-31 20:31:50.951]# SEND ASCII>
?
[2025-05-31 20:31:51.030]# RECV HEX>
21 01 01 19 07 10 06 04 07 06 17 01 02 10 08 06 07 06 10 00 00 

[2025-05-31 20:31:51.046]# SEND ASCII>
?
[2025-05-31 20:31:51.125]# RECV HEX>
21 01 01 19 07 10 06 04 07 06 17 01 02 10 08 06 07 06 10 00 00 

[2025-05-31 20:31:51.156]# SEND ASCII>
?
[2025-05-31 20:31:51.220]# RECV HEX>
21 01 01 19 07 10 06 04 07 06 17 01 02 10 08 06 07 06 10 00 00 

[2025-05-31 20:31:51.251]# SEND ASCII>
?
[2025-05-31 20:31:51.315]# RECV HEX>
21 01 01 19 07 10 06 06 04 06 19 08 03 10 08 07 09 06 10 00 00 

[2025-05-31 20:31:51.346]# SEND ASCII>
?
[2025-05-31 20:31:51.410]# RECV HEX>
21 01 01 19 07 10 06 06 04 06 19 08 03 10 08 07 09 06 10 00 00 

[2025-05-31 20:31:51.457]# SEND ASCII>
?
[2025-05-31 20:31:51.505]# RECV HEX>
21 01 01 19 07 10 06 06 04 06 19 08 03 10 08 07 09 06 10 00 00 
