
[2025-05-31 20:40:58.110]# SEND ASCII>
?
[2025-05-31 20:40:58.189]# RECV HEX>
21 01 02 10 00 10 06 05 01 07 12 02 08 10 09 02 07 06 10 00 01 

[2025-05-31 20:40:58.221]# SEND ASCII>
?
[2025-05-31 20:40:58.286]# RECV HEX>
21 01 02 10 00 10 05 08 09 06 13 03 05 10 08 09 08 06 10 00 01 

[2025-05-31 20:40:58.317]# SEND ASCII>
?
[2025-05-31 20:40:58.381]# RECV HEX>
21 01 02 10 00 10 05 08 09 06 13 03 05 10 08 09 08 06 10 00 01 

[2025-05-31 20:40:58.428]# SEND ASCII>
?
[2025-05-31 20:40:58.491]# RECV HEX>
21 01 02 10 00 10 05 08 09 06 13 03 05 10 08 09 08 06 10 00 01 

[2025-05-31 20:40:58.523]# SEND ASCII>
?
[2025-05-31 20:40:58.603]# RECV HEX>
21 01 02 10 00 10 05 08 09 06 13 03 05 10 08 09 08 06 10 00 01 

[2025-05-31 20:40:58.635]# SEND ASCII>
?
[2025-05-31 20:40:58.699]# RECV HEX>
21 01 02 10 00 10 05 08 09 06 13 03 05 10 08 09 08 06 10 00 01 

[2025-05-31 20:40:58.730]# SEND ASCII>
?
[2025-05-31 20:40:58.762]# RECV HEX>
21 01 01 19 09 10 05 09 00 06 14 00 07 10 09 00 06 06 10 00 01 

[2025-05-31 20:40:58.826]# SEND ASCII>
?
[2025-05-31 20:40:58.889]# RECV HEX>
21 01 01 19 09 10 05 09 00 06 14 00 07 10 09 00 06 06 10 00 01 

[2025-05-31 20:40:58.920]# SEND ASCII>
?
[2025-05-31 20:40:58.984]# RECV HEX>
21 01 01 19 09 10 05 09 00 06 14 00 07 10 09 00 06 06 10 00 01 

[2025-05-31 20:40:59.016]# SEND ASCII>
?
[2025-05-31 20:40:59.080]# RECV HEX>
21 01 01 19 09 10 05 09 00 06 14 00 07 10 09 00 06 06 10 00 01 

[2025-05-31 20:40:59.111]# SEND ASCII>
?
[2025-05-31 20:40:59.174]# RECV HEX>
21 01 01 19 09 10 05 09 00 06 14 00 07 10 09 00 06 06 10 00 01 

[2025-05-31 20:40:59.222]# SEND ASCII>
?
[2025-05-31 20:40:59.286]# RECV HEX>
21 01 02 10 00 10 06 05 02 07 11 04 03 10 09 01 04 06 10 00 01 

[2025-05-31 20:40:59.333]# SEND ASCII>
?
[2025-05-31 20:40:59.397]# RECV HEX>
21 01 02 10 00 10 06 05 02 07 11 04 03 10 09 01 04 06 10 00 01 

[2025-05-31 20:40:59.428]# SEND ASCII>
?
[2025-05-31 20:40:59.492]# RECV HEX>
21 01 02 10 00 10 06 05 02 07 11 04 03 10 09 01 04 06 10 00 01 

[2025-05-31 20:40:59.524]# SEND ASCII>
?
[2025-05-31 20:40:59.588]# RECV HEX>
21 01 02 10 00 10 06 05 02 07 11 04 03 10 09 01 04 06 10 00 01 

[2025-05-31 20:40:59.620]# SEND ASCII>
?
[2025-05-31 20:40:59.683]# RECV HEX>
21 01 02 10 00 10 06 05 02 07 11 04 03 10 09 01 04 06 10 00 01 

[2025-05-31 20:40:59.731]# SEND ASCII>
?
[2025-05-31 20:40:59.795]# RECV HEX>
21 01 01 19 09 10 06 04 08 07 11 09 06 10 09 02 07 06 10 00 01 

[2025-05-31 20:40:59.827]# SEND ASCII>
?
[2025-05-31 20:40:59.890]# RECV HEX>
21 01 01 19 09 10 06 04 08 07 11 09 06 10 09 02 07 06 10 00 01 

[2025-05-31 20:40:59.922]# SEND ASCII>
?
[2025-05-31 20:40:59.985]# RECV HEX>
21 01 01 19 09 10 06 04 08 07 11 09 06 10 09 02 07 06 10 00 00 

[2025-05-31 20:41:00.017]# SEND ASCII>
?
[2025-05-31 20:41:00.080]# RECV HEX>
21 01 01 19 09 10 06 04 08 07 11 09 06 10 09 02 07 06 10 00 00 

[2025-05-31 20:41:00.112]# SEND ASCII>
?
[2025-05-31 20:41:00.175]# RECV HEX>
21 01 01 19 09 10 06 04 08 07 11 09 06 10 09 02 07 06 10 00 00 

[2025-05-31 20:41:00.223]# SEND ASCII>
?
[2025-05-31 20:41:00.286]# RECV HEX>
21 01 01 19 08 10 05 07 03 06 11 05 01 10 08 09 06 06 10 00 01 

[2025-05-31 20:41:00.318]# SEND ASCII>
?
[2025-05-31 20:41:00.382]# RECV HEX>
21 01 01 19 08 10 05 07 03 06 11 05 01 10 08 09 06 06 10 00 01 

[2025-05-31 20:41:00.429]# SEND ASCII>
?
[2025-05-31 20:41:00.508]# RECV HEX>
21 01 01 19 08 10 05 07 03 06 11 05 01 10 08 09 06 06 10 00 01 

[2025-05-31 20:41:00.540]# SEND ASCII>
?
[2025-05-31 20:41:00.604]# RECV HEX>
21 01 01 19 08 10 05 07 03 06 11 05 01 10 08 09 06 06 10 00 01 

[2025-05-31 20:41:00.635]# SEND ASCII>
?
[2025-05-31 20:41:00.683]# RECV HEX>
21 01 01 19 08 10 05 07 03 06 11 05 01 10 09 00 05 06 10 00 01 

[2025-05-31 20:41:00.730]# SEND ASCII>
?
[2025-05-31 20:41:00.793]# RECV HEX>
21 01 01 19 09 10 05 09 04 06 14 04 03 10 09 00 05 06 10 00 01 

[2025-05-31 20:41:00.825]# SEND ASCII>
?
[2025-05-31 20:41:00.889]# RECV HEX>
21 01 01 19 09 10 05 09 04 06 14 04 03 10 09 00 05 06 10 00 01 

[2025-05-31 20:41:00.921]# SEND ASCII>
?
[2025-05-31 20:41:00.985]# RECV HEX>
21 01 01 19 09 10 05 09 04 06 14 04 03 10 09 00 05 06 10 00 01 

[2025-05-31 20:41:01.017]# SEND ASCII>
?
[2025-05-31 20:41:01.081]# RECV HEX>
21 01 01 19 09 10 05 09 04 06 14 04 03 10 09 00 05 06 10 00 01 

[2025-05-31 20:41:01.128]# SEND ASCII>
?
[2025-05-31 20:41:01.192]# RECV HEX>
21 01 01 19 09 10 05 09 04 06 14 04 03 10 09 00 05 06 10 00 01 

[2025-05-31 20:41:01.224]# SEND ASCII>
?
[2025-05-31 20:41:01.287]# RECV HEX>
21 01 01 19 09 10 06 05 01 07 10 06 08 10 09 00 07 06 10 00 01 

[2025-05-31 20:41:01.335]# SEND ASCII>
?
[2025-05-31 20:41:01.399]# RECV HEX>
21 01 01 19 09 10 06 05 01 07 10 06 08 10 09 00 07 06 10 00 01 

[2025-05-31 20:41:01.430]# SEND ASCII>
?
[2025-05-31 20:41:01.493]# RECV HEX>
21 01 01 19 09 10 06 05 01 07 10 06 08 10 09 00 07 06 10 00 01 

[2025-05-31 20:41:01.525]# SEND ASCII>
?
[2025-05-31 20:41:01.589]# RECV HEX>
21 01 01 19 09 10 06 05 01 07 10 06 08 10 09 00 07 06 10 00 01 

[2025-05-31 20:41:01.636]# SEND ASCII>
?
[2025-05-31 20:41:01.715]# RECV HEX>
21 01 01 19 09 10 06 05 01 07 12 07 02 10 09 03 01 06 10 00 01 

[2025-05-31 20:41:01.731]# SEND ASCII>
?
[2025-05-31 20:41:01.810]# RECV HEX>
21 01 01 19 09 10 06 05 02 07 12 07 02 10 09 03 01 06 10 00 01 

[2025-05-31 20:41:01.826]# SEND ASCII>
?
[2025-05-31 20:41:01.890]# RECV HEX>
21 01 01 19 09 10 06 05 02 07 12 07 02 10 09 03 01 06 10 00 01 

[2025-05-31 20:41:01.921]# SEND ASCII>
?
[2025-05-31 20:41:01.984]# RECV HEX>
21 01 01 19 09 10 06 05 02 07 12 07 02 10 09 03 01 06 10 00 01 

[2025-05-31 20:41:02.016]# SEND ASCII>
?
[2025-05-31 20:41:02.079]# RECV HEX>
21 01 01 19 09 10 06 05 02 07 12 07 02 10 09 03 01 06 10 00 01 

[2025-05-31 20:41:02.127]# SEND ASCII>
?
[2025-05-31 20:41:02.190]# RECV HEX>
21 01 01 19 09 10 06 05 02 07 12 07 02 10 09 01 05 06 10 00 01 

[2025-05-31 20:41:02.222]# SEND ASCII>
?
[2025-05-31 20:41:02.286]# RECV HEX>
21 01 01 19 09 10 06 06 00 07 12 02 09 10 09 01 05 06 10 00 01 

[2025-05-31 20:41:02.334]# SEND ASCII>
?
[2025-05-31 20:41:02.398]# RECV HEX>
21 01 01 19 09 10 06 06 00 07 12 02 09 10 09 01 05 06 10 00 01 

[2025-05-31 20:41:02.430]# SEND ASCII>
?
[2025-05-31 20:41:02.509]# RECV HEX>
21 01 01 19 09 10 06 06 00 07 12 02 09 10 09 01 05 06 10 00 01 

[2025-05-31 20:41:02.541]# SEND ASCII>
?
[2025-05-31 20:41:02.605]# RECV HEX>
21 01 01 19 09 10 06 06 00 07 12 02 09 10 09 01 05 06 10 00 01 

[2025-05-31 20:41:02.637]# SEND ASCII>
?
[2025-05-31 20:41:02.700]# RECV HEX>
21 01 01 19 09 10 06 06 00 07 12 02 09 10 09 01 05 06 10 00 01 

[2025-05-31 20:41:02.732]# SEND ASCII>
?
[2025-05-31 20:41:02.796]# RECV HEX>
21 01 02 10 00 10 06 03 08 07 10 08 03 10 09 02 06 06 10 00 01 

[2025-05-31 20:41:02.812]# SEND ASCII>
?
[2025-05-31 20:41:02.891]# RECV HEX>
21 01 02 10 00 10 06 03 08 07 10 08 03 10 09 02 06 06 10 00 01 

[2025-05-31 20:41:02.922]# SEND ASCII>
?
[2025-05-31 20:41:02.986]# RECV HEX>
21 01 02 10 00 10 06 03 08 07 10 08 03 10 09 02 06 06 10 00 01 

[2025-05-31 20:41:03.017]# SEND ASCII>
?
[2025-05-31 20:41:03.082]# RECV HEX>
21 01 02 10 00 10 06 03 08 07 10 08 03 10 09 02 06 06 10 00 01 

[2025-05-31 20:41:03.129]# SEND ASCII>
?
[2025-05-31 20:41:03.192]# RECV HEX>
21 01 02 10 00 10 06 03 08 07 10 08 03 10 09 02 06 06 10 00 01 

[2025-05-31 20:41:03.224]# SEND ASCII>
?
[2025-05-31 20:41:03.304]# RECV HEX>
21 01 02 10 00 10 06 02 07 06 16 06 03 10 08 08 06 06 10 00 01 

[2025-05-31 20:41:03.320]# SEND ASCII>
?
[2025-05-31 20:41:03.399]# RECV HEX>
21 01 02 10 00 10 06 02 07 06 16 06 03 10 08 08 06 06 10 00 01 

[2025-05-31 20:41:03.431]# SEND ASCII>
?
[2025-05-31 20:41:03.494]# RECV HEX>
21 01 02 10 00 10 06 02 07 06 16 06 03 10 08 08 06 06 10 00 01 

[2025-05-31 20:41:03.526]# SEND ASCII>
?
[2025-05-31 20:41:03.590]# RECV HEX>
21 01 02 10 00 10 06 02 07 06 16 06 03 10 08 08 06 06 10 00 01 

[2025-05-31 20:41:03.637]# SEND ASCII>
?
[2025-05-31 20:41:03.700]# RECV HEX>
21 01 02 10 00 10 06 02 07 06 16 06 03 10 09 01 08 06 10 00 01 

[2025-05-31 20:41:03.732]# SEND ASCII>
?
[2025-05-31 20:41:03.795]# RECV HEX>
21 01 02 10 00 10 06 03 01 06 19 04 07 10 09 01 08 06 10 00 01 

[2025-05-31 20:41:03.811]# SEND ASCII>
?
[2025-05-31 20:41:03.891]# RECV HEX>
21 01 02 10 00 10 06 03 01 06 19 04 07 10 09 01 08 06 10 00 01 

[2025-05-31 20:41:03.922]# SEND ASCII>
?
[2025-05-31 20:41:03.986]# RECV HEX>
21 01 02 10 00 10 06 03 01 06 19 04 07 10 09 01 08 06 10 00 01 

[2025-05-31 20:41:04.018]# SEND ASCII>
?
[2025-05-31 20:41:04.081]# RECV HEX>
21 01 02 10 00 10 06 03 01 06 19 04 07 10 09 01 08 06 10 00 00 

[2025-05-31 20:41:04.129]# SEND ASCII>
?
[2025-05-31 20:41:04.192]# RECV HEX>
21 01 02 10 00 10 06 03 01 06 19 04 07 10 09 01 08 06 10 00 00 

[2025-05-31 20:41:04.224]# SEND ASCII>
?
[2025-05-31 20:41:04.287]# RECV HEX>
21 01 01 19 09 10 06 05 08 07 12 02 04 10 09 01 06 06 10 00 00 

[2025-05-31 20:41:04.335]# SEND ASCII>
?
[2025-05-31 20:41:04.398]# RECV HEX>
21 01 01 19 09 10 06 05 08 07 12 02 04 10 09 01 06 06 10 00 01 

[2025-05-31 20:41:04.430]# SEND ASCII>
?
[2025-05-31 20:41:04.509]# RECV HEX>
21 01 01 19 09 10 06 05 08 07 12 02 04 10 09 01 06 06 10 00 01 

[2025-05-31 20:41:04.525]# SEND ASCII>
?
[2025-05-31 20:41:04.604]# RECV HEX>
21 01 01 19 09 10 06 05 08 07 12 02 04 10 09 01 06 06 10 00 01 

[2025-05-31 20:41:04.620]# SEND ASCII>
?
[2025-05-31 20:41:04.699]# RECV HEX>
21 01 01 19 09 10 06 05 08 07 12 02 04 10 09 01 06 06 10 00 01 

[2025-05-31 20:41:04.731]# SEND ASCII>
?
[2025-05-31 20:41:04.810]# RECV HEX>
21 01 02 10 00 10 05 08 05 06 12 01 03 10 08 08 07 06 10 00 01 

[2025-05-31 20:41:04.826]# SEND ASCII>
?
[2025-05-31 20:41:04.889]# RECV HEX>
21 01 02 10 00 10 05 08 05 06 12 01 03 10 08 08 07 06 10 00 01 

[2025-05-31 20:41:04.921]# SEND ASCII>
?
[2025-05-31 20:41:04.984]# RECV HEX>
21 01 02 10 00 10 05 08 05 06 12 01 03 10 08 08 07 06 10 00 01 

[2025-05-31 20:41:05.016]# SEND ASCII>
?
[2025-05-31 20:41:05.080]# RECV HEX>
21 01 02 10 00 10 05 08 05 06 12 01 03 10 08 08 07 06 10 00 01 

[2025-05-31 20:41:05.127]# SEND ASCII>
?
[2025-05-31 20:41:05.191]# RECV HEX>
21 01 02 10 00 10 05 08 05 06 12 01 03 10 08 08 07 06 10 00 01 

[2025-05-31 20:41:05.223]# SEND ASCII>
?
[2025-05-31 20:41:05.287]# RECV HEX>
21 01 02 10 00 10 05 03 08 05 17 02 08 10 08 08 08 06 10 00 01 

[2025-05-31 20:41:05.335]# SEND ASCII>
?
[2025-05-31 20:41:05.398]# RECV HEX>
21 01 02 10 00 10 05 03 08 05 17 02 08 10 08 08 08 06 10 00 01 

[2025-05-31 20:41:05.429]# SEND ASCII>
?
[2025-05-31 20:41:05.493]# RECV HEX>
21 01 02 10 00 10 05 03 08 05 17 02 08 10 08 08 08 06 10 00 01 

[2025-05-31 20:41:05.525]# SEND ASCII>
?
[2025-05-31 20:41:05.588]# RECV HEX>
21 01 02 10 00 10 05 03 08 05 17 02 08 10 08 08 08 06 10 00 01 

[2025-05-31 20:41:05.620]# SEND ASCII>
?
[2025-05-31 20:41:05.684]# RECV HEX>
21 01 02 10 00 10 05 03 08 05 17 02 08 10 08 08 08 06 10 00 01 

[2025-05-31 20:41:05.731]# SEND ASCII>
?
[2025-05-31 20:41:05.794]# RECV HEX>
21 01 02 10 00 10 05 03 06 05 16 08 01 10 08 08 03 06 10 00 01 

[2025-05-31 20:41:05.813]# SEND ASCII>
?
[2025-05-31 20:41:05.889]# RECV HEX>
21 01 02 10 00 10 05 03 06 05 16 08 01 10 08 08 03 06 10 00 01 

[2025-05-31 20:41:05.921]# SEND ASCII>
?
[2025-05-31 20:41:05.984]# RECV HEX>
21 01 02 10 00 10 05 03 06 05 16 08 01 10 08 08 03 06 10 00 01 

[2025-05-31 20:41:06.016]# SEND ASCII>
?
[2025-05-31 20:41:06.079]# RECV HEX>
21 01 02 10 00 10 05 03 06 05 16 08 01 10 08 08 03 06 10 00 01 

[2025-05-31 20:41:06.127]# SEND ASCII>
?
[2025-05-31 20:41:06.191]# RECV HEX>
21 01 02 10 00 10 05 03 06 05 16 08 01 10 08 08 03 06 10 00 01 

[2025-05-31 20:41:06.222]# SEND ASCII>
?
[2025-05-31 20:41:06.286]# RECV HEX>
21 01 02 10 00 10 05 09 09 06 14 00 08 10 08 09 03 06 10 00 01 

[2025-05-31 20:41:06.333]# SEND ASCII>
?
[2025-05-31 20:41:06.396]# RECV HEX>
21 01 02 10 00 10 05 09 09 06 14 00 08 10 08 09 03 06 10 00 01 

[2025-05-31 20:41:06.428]# SEND ASCII>
?
[2025-05-31 20:41:06.508]# RECV HEX>
21 01 02 10 00 10 05 09 09 06 14 00 08 10 08 09 03 06 10 00 01 

[2025-05-31 20:41:06.524]# SEND ASCII>
?
[2025-05-31 20:41:06.603]# RECV HEX>
21 01 02 10 00 10 05 09 09 06 14 00 08 10 08 09 03 06 10 00 01 

[2025-05-31 20:41:06.635]# SEND ASCII>
?
[2025-05-31 20:41:06.699]# RECV HEX>
21 01 02 10 00 10 05 09 09 06 14 00 08 10 08 09 00 06 10 00 01 

[2025-05-31 20:41:06.730]# SEND ASCII>
?
[2025-05-31 20:41:06.793]# RECV HEX>
21 01 02 10 01 10 05 02 07 05 15 06 01 10 08 08 00 06 10 00 01 

[2025-05-31 20:41:06.841]# SEND ASCII>
?
[2025-05-31 20:41:06.905]# RECV HEX>
21 01 02 10 01 10 05 02 07 05 15 06 01 10 08 08 00 06 10 00 01 

[2025-05-31 20:41:06.921]# SEND ASCII>
?
[2025-05-31 20:41:06.984]# RECV HEX>
21 01 02 10 01 10 05 02 07 05 15 06 01 10 08 08 00 06 10 00 01 

[2025-05-31 20:41:07.016]# SEND ASCII>
?
[2025-05-31 20:41:07.080]# RECV HEX>
21 01 02 10 01 10 05 02 07 05 15 06 01 10 08 08 00 06 10 00 01 

[2025-05-31 20:41:07.127]# SEND ASCII>
?
[2025-05-31 20:41:07.190]# RECV HEX>
21 01 02 10 01 10 05 02 07 05 15 06 01 10 08 08 02 06 10 00 01 

[2025-05-31 20:41:07.222]# SEND ASCII>
?
[2025-05-31 20:41:07.285]# RECV HEX>
21 01 02 10 00 10 05 02 09 05 15 09 05 10 08 08 02 06 10 00 01 

[2025-05-31 20:41:07.333]# SEND ASCII>
?
[2025-05-31 20:41:07.396]# RECV HEX>
21 01 02 10 00 10 05 02 09 05 15 09 05 10 08 08 02 06 10 00 01 

[2025-05-31 20:41:07.428]# SEND ASCII>
?
[2025-05-31 20:41:07.491]# RECV HEX>
21 01 02 10 00 10 05 02 09 05 15 09 05 10 08 08 02 06 10 00 01 

[2025-05-31 20:41:07.523]# SEND ASCII>
?
[2025-05-31 20:41:07.587]# RECV HEX>
21 01 02 10 00 10 05 02 09 05 15 09 05 10 08 08 02 06 10 00 01 

[2025-05-31 20:41:07.634]# SEND ASCII>
?
[2025-05-31 20:41:07.714]# RECV HEX>
21 01 02 10 00 10 05 02 08 05 15 09 03 10 08 08 02 06 10 00 01 

[2025-05-31 20:41:07.745]# SEND ASCII>
?
[2025-05-31 20:41:07.809]# RECV HEX>
21 01 02 10 00 10 05 02 08 05 15 07 03 10 08 08 01 06 10 00 01 

[2025-05-31 20:41:07.840]# SEND ASCII>
?
[2025-05-31 20:41:07.904]# RECV HEX>
21 01 02 10 00 10 05 02 08 05 15 07 03 10 08 08 01 06 10 00 01 

[2025-05-31 20:41:07.935]# SEND ASCII>
?
[2025-05-31 20:41:07.999]# RECV HEX>
21 01 02 10 00 10 05 02 08 05 15 07 03 10 08 08 01 06 10 00 01 

[2025-05-31 20:41:08.014]# SEND ASCII>
?
[2025-05-31 20:41:08.094]# RECV HEX>
21 01 02 10 00 10 05 02 08 05 15 07 03 10 08 08 01 06 10 00 01 

[2025-05-31 20:41:08.109]# SEND ASCII>
?
[2025-05-31 20:41:08.188]# RECV HEX>
21 01 02 10 00 10 05 02 08 05 15 07 03 10 08 08 01 06 10 00 01 

[2025-05-31 20:41:08.220]# SEND ASCII>
?
[2025-05-31 20:41:08.283]# RECV HEX>
21 01 02 10 01 10 05 02 08 05 15 07 08 10 08 08 00 06 10 00 01 

[2025-05-31 20:41:08.331]# SEND ASCII>
?
[2025-05-31 20:41:08.395]# RECV HEX>
21 01 02 10 01 10 05 02 08 05 15 07 08 10 08 08 00 06 10 00 01 

[2025-05-31 20:41:08.427]# SEND ASCII>
?
[2025-05-31 20:41:08.491]# RECV HEX>
21 01 02 10 01 10 05 02 08 05 15 07 08 10 08 08 00 06 10 00 01 

[2025-05-31 20:41:08.523]# SEND ASCII>
?
[2025-05-31 20:41:08.602]# RECV HEX>
21 01 02 10 01 10 05 02 08 05 15 07 08 10 08 08 00 06 10 00 01 

[2025-05-31 20:41:08.618]# SEND ASCII>
?
[2025-05-31 20:41:08.697]# RECV HEX>
21 01 02 10 01 10 05 02 08 05 15 07 08 10 08 08 07 06 10 00 01 

[2025-05-31 20:41:08.729]# SEND ASCII>
?
[2025-05-31 20:41:08.793]# RECV HEX>
21 01 02 10 01 10 05 04 08 05 18 03 04 10 08 08 07 06 10 00 01 

[2025-05-31 20:41:08.825]# SEND ASCII>
?
[2025-05-31 20:41:08.889]# RECV HEX>
21 01 02 10 01 10 05 04 08 05 18 03 04 10 08 08 07 06 10 00 01 

[2025-05-31 20:41:08.920]# SEND ASCII>
?
[2025-05-31 20:41:08.984]# RECV HEX>
21 01 02 10 01 10 05 04 08 05 18 03 04 10 08 08 07 06 10 00 01 

[2025-05-31 20:41:09.015]# SEND ASCII>
?
[2025-05-31 20:41:09.079]# RECV HEX>
21 01 02 10 01 10 05 04 08 05 18 03 04 10 08 08 07 06 10 00 01 

[2025-05-31 20:41:09.126]# SEND ASCII>
?
[2025-05-31 20:41:09.190]# RECV HEX>
21 01 02 10 01 10 05 04 08 05 18 03 04 10 08 08 07 06 10 00 01 

[2025-05-31 20:41:09.222]# SEND ASCII>
?
[2025-05-31 20:41:09.285]# RECV HEX>
21 01 01 19 09 10 06 04 09 07 11 00 01 10 09 01 04 06 10 00 01 

[2025-05-31 20:41:09.333]# SEND ASCII>
?
[2025-05-31 20:41:09.397]# RECV HEX>
21 01 01 19 09 10 06 04 09 07 11 00 01 10 09 01 04 06 10 00 01 

[2025-05-31 20:41:09.429]# SEND ASCII>
?
[2025-05-31 20:41:09.493]# RECV HEX>
21 01 01 19 09 10 06 04 09 07 11 00 01 10 09 01 04 06 10 00 01 

[2025-05-31 20:41:09.525]# SEND ASCII>
?
[2025-05-31 20:41:09.588]# RECV HEX>
21 01 01 19 09 10 06 04 09 07 11 00 01 10 09 01 04 06 10 00 01 

[2025-05-31 20:41:09.637]# SEND ASCII>
?
[2025-05-31 20:41:09.716]# RECV HEX>
21 01 01 19 09 10 06 04 09 06 16 03 00 10 09 00 06 06 10 00 01 

[2025-05-31 20:41:09.732]# SEND ASCII>
?
[2025-05-31 20:41:09.796]# RECV HEX>
21 01 02 10 00 10 06 01 00 06 16 03 00 10 09 00 06 06 10 00 01 

[2025-05-31 20:41:09.812]# SEND ASCII>
?
[2025-05-31 20:41:09.892]# RECV HEX>
21 01 02 10 00 10 06 01 00 06 16 03 00 10 09 00 06 06 10 00 01 

[2025-05-31 20:41:09.923]# SEND ASCII>
?
[2025-05-31 20:41:09.987]# RECV HEX>
21 01 02 10 00 10 06 01 00 06 16 03 00 10 09 00 06 06 10 00 01 

[2025-05-31 20:41:10.019]# SEND ASCII>
?
[2025-05-31 20:41:10.083]# RECV HEX>
21 01 02 10 00 10 06 01 00 06 16 03 00 10 09 00 06 06 10 00 01 

[2025-05-31 20:41:10.131]# SEND ASCII>
?
[2025-05-31 20:41:10.195]# RECV HEX>
21 01 02 10 00 10 06 01 00 06 16 03 00 10 09 02 06 06 10 00 01 

[2025-05-31 20:41:10.226]# SEND ASCII>
?
[2025-05-31 20:41:10.290]# RECV HEX>
21 01 01 19 09 10 06 06 06 07 13 08 09 10 09 02 06 06 10 00 01 

[2025-05-31 20:41:10.338]# SEND ASCII>
?
[2025-05-31 20:41:10.401]# RECV HEX>
21 01 01 19 09 10 06 06 06 07 13 08 09 10 09 02 06 06 10 00 01 

[2025-05-31 20:41:10.433]# SEND ASCII>
?
[2025-05-31 20:41:10.512]# RECV HEX>
21 01 01 19 09 10 06 06 06 07 13 08 09 10 09 02 06 06 10 00 01 

[2025-05-31 20:41:10.544]# SEND ASCII>
?
[2025-05-31 20:41:10.607]# RECV HEX>
21 01 01 19 09 10 06 06 06 07 13 08 09 10 09 02 06 06 10 00 01 

[2025-05-31 20:41:10.620]# SEND ASCII>
?
[2025-05-31 20:41:10.686]# RECV HEX>
21 01 01 19 08 10 06 06 06 07 13 08 09 10 09 02 06 06 10 00 01 

[2025-05-31 20:41:10.718]# SEND ASCII>
?
[2025-05-31 20:41:10.782]# RECV HEX>
21 01 01 19 08 10 06 02 06 06 18 09 03 10 09 02 00 06 10 00 01 

[2025-05-31 20:41:10.830]# SEND ASCII>
?
[2025-05-31 20:41:10.893]# RECV HEX>
21 01 01 19 08 10 06 02 06 06 18 09 03 10 09 02 00 06 10 00 01 

[2025-05-31 20:41:10.925]# SEND ASCII>
?
[2025-05-31 20:41:10.988]# RECV HEX>
21 01 01 19 08 10 06 02 06 06 18 09 03 10 09 02 00 06 10 00 01 

[2025-05-31 20:41:11.020]# SEND ASCII>
?
[2025-05-31 20:41:11.083]# RECV HEX>
21 01 01 19 08 10 06 02 06 06 18 09 03 10 09 02 00 06 10 00 01 

[2025-05-31 20:41:11.131]# SEND ASCII>
?
[2025-05-31 20:41:11.195]# RECV HEX>
21 01 01 19 08 10 06 02 06 06 18 05 02 10 09 02 00 06 10 00 01 

[2025-05-31 20:41:11.227]# SEND ASCII>
?
[2025-05-31 20:41:11.291]# RECV HEX>
21 01 01 19 09 10 06 01 09 06 17 05 02 10 09 01 00 06 10 00 01 

[2025-05-31 20:41:11.339]# SEND ASCII>
?
[2025-05-31 20:41:11.402]# RECV HEX>
21 01 01 19 09 10 06 01 09 06 17 05 02 10 09 01 00 06 10 00 01 

[2025-05-31 20:41:11.434]# SEND ASCII>
?
[2025-05-31 20:41:11.513]# RECV HEX>
21 01 01 19 09 10 06 01 09 06 17 05 02 10 09 01 00 06 10 00 01 

[2025-05-31 20:41:11.522]# SEND ASCII>
?
[2025-05-31 20:41:11.593]# RECV HEX>
21 01 01 19 09 10 06 01 09 06 17 05 02 10 09 01 00 06 10 00 01 

[2025-05-31 20:41:11.609]# SEND ASCII>
?
[2025-05-31 20:41:11.672]# RECV HEX>
21 01 01 19 09 10 06 01 09 06 17 05 02 10 09 01 00 06 10 00 01 

[2025-05-31 20:41:11.720]# SEND ASCII>
?
[2025-05-31 20:41:11.783]# RECV HEX>
21 01 01 19 09 10 06 06 09 07 13 07 05 10 09 02 00 06 10 00 01 

[2025-05-31 20:41:11.831]# SEND ASCII>
?
[2025-05-31 20:41:11.894]# RECV HEX>
21 01 01 19 09 10 06 06 09 07 13 07 05 10 09 02 00 06 10 00 01 

[2025-05-31 20:41:11.926]# SEND ASCII>
?
[2025-05-31 20:41:11.990]# RECV HEX>
21 01 01 19 09 10 06 06 09 07 13 07 05 10 09 02 00 06 10 00 01 

[2025-05-31 20:41:12.021]# SEND ASCII>
?
[2025-05-31 20:41:12.085]# RECV HEX>
21 01 01 19 09 10 06 06 09 07 13 07 05 10 09 02 00 06 10 00 01 

[2025-05-31 20:41:12.133]# SEND ASCII>
?
[2025-05-31 20:41:12.196]# RECV HEX>
21 01 01 19 09 10 06 06 09 07 13 07 05 10 09 02 00 06 10 00 01 

[2025-05-31 20:41:12.228]# SEND ASCII>
?
[2025-05-31 20:41:12.292]# RECV HEX>
21 01 02 10 00 10 05 08 08 06 12 08 02 10 08 09 01 06 10 00 01 

[2025-05-31 20:41:12.340]# SEND ASCII>
?
[2025-05-31 20:41:12.419]# RECV HEX>
21 01 02 10 00 10 05 08 08 06 12 08 02 10 08 09 01 06 10 00 01 

[2025-05-31 20:41:12.451]# SEND ASCII>
?
[2025-05-31 20:41:12.514]# SEND ASCII>
?
[2025-05-31 20:41:12.577]# RECV HEX>
21 01 02 10 00 10 05 08 08 06 12 08 02 10 08 09 01 06 10 00 01 21 01 02 10 00 10 05 08 08 06 12 08 02 10 08 09 01 06 10 00 01 

[2025-05-31 20:41:12.625]# SEND ASCII>
?
[2025-05-31 20:41:12.688]# RECV HEX>
21 01 02 10 00 10 05 08 08 06 12 08 02 10 08 09 01 06 10 00 01 

[2025-05-31 20:41:12.720]# SEND ASCII>
?
[2025-05-31 20:41:12.784]# RECV HEX>
21 01 02 10 00 10 06 01 04 06 16 09 03 10 09 01 00 06 10 00 01 

[2025-05-31 20:41:12.831]# SEND ASCII>
?
[2025-05-31 20:41:12.895]# RECV HEX>
21 01 02 10 00 10 06 01 04 06 16 09 03 10 09 01 00 06 10 00 01 

[2025-05-31 20:41:12.927]# SEND ASCII>
?
[2025-05-31 20:41:12.990]# RECV HEX>
21 01 02 10 00 10 06 01 04 06 16 09 03 10 09 01 00 06 10 00 01 

[2025-05-31 20:41:13.021]# SEND ASCII>
?
[2025-05-31 20:41:13.085]# RECV HEX>
21 01 02 10 00 10 06 01 04 06 16 09 03 10 09 01 00 06 10 00 01 

[2025-05-31 20:41:13.132]# SEND ASCII>
?
[2025-05-31 20:41:13.212]# RECV HEX>
21 01 02 10 00 10 06 01 04 06 16 09 03 10 08 09 00 06 10 00 01 

[2025-05-31 20:41:13.225]# SEND ASCII>
?
[2025-05-31 20:41:13.307]# RECV HEX>
21 01 02 10 01 10 05 05 03 05 18 09 07 10 08 09 00 06 10 00 01 

[2025-05-31 20:41:13.322]# SEND ASCII>
?
[2025-05-31 20:41:13.402]# RECV HEX>
21 01 02 10 01 10 05 05 03 05 18 09 07 10 08 09 00 06 10 00 01 

[2025-05-31 20:41:13.434]# SEND ASCII>
?
[2025-05-31 20:41:13.498]# RECV HEX>
21 01 02 10 01 10 05 05 03 05 18 09 07 10 08 09 00 06 10 00 01 

[2025-05-31 20:41:13.529]# SEND ASCII>
?
[2025-05-31 20:41:13.577]# RECV HEX>
21 01 02 10 01 10 05 05 03 05 18 09 07 10 08 09 00 06 10 00 01 

[2025-05-31 20:41:13.624]# SEND ASCII>
?
[2025-05-31 20:41:13.688]# RECV HEX>
21 01 02 10 01 10 05 05 03 05 18 09 07 10 08 09 00 06 10 00 01 

[2025-05-31 20:41:13.720]# SEND ASCII>
?
[2025-05-31 20:41:13.783]# RECV HEX>
21 01 02 10 00 10 05 07 07 06 12 03 04 10 09 00 01 06 10 00 01 

[2025-05-31 20:41:13.815]# SEND ASCII>
?
[2025-05-31 20:41:13.878]# RECV HEX>
21 01 02 10 00 10 05 07 07 06 12 03 04 10 09 00 01 06 10 00 01 

[2025-05-31 20:41:13.926]# SEND ASCII>
?
[2025-05-31 20:41:13.989]# RECV HEX>
21 01 02 10 00 10 05 07 07 06 12 03 04 10 09 00 01 06 10 00 01 

[2025-05-31 20:41:14.021]# SEND ASCII>
?
[2025-05-31 20:41:14.084]# RECV HEX>
21 01 02 10 00 10 05 07 07 06 12 03 04 10 09 00 01 06 10 00 01 

[2025-05-31 20:41:14.132]# SEND ASCII>
?
[2025-05-31 20:41:14.195]# RECV HEX>
21 01 02 10 00 10 05 04 08 06 12 03 04 10 09 00 01 06 10 00 01 

[2025-05-31 20:41:14.227]# SEND ASCII>
?
[2025-05-31 20:41:14.290]# RECV HEX>
21 01 02 10 00 10 06 04 08 06 19 05 05 10 08 09 05 06 10 00 01 

[2025-05-31 20:41:14.337]# SEND ASCII>
?
[2025-05-31 20:41:14.417]# RECV HEX>
21 01 02 10 00 10 06 04 08 06 19 05 05 10 08 09 05 06 10 00 01 

[2025-05-31 20:41:14.432]# SEND ASCII>
?
[2025-05-31 20:41:14.511]# RECV HEX>
21 01 02 10 00 10 06 04 08 06 19 05 05 10 08 09 05 06 10 00 01 

[2025-05-31 20:41:14.543]# SEND ASCII>
?
[2025-05-31 20:41:14.606]# RECV HEX>
21 01 02 10 00 10 06 04 08 06 19 05 05 10 08 09 05 06 10 00 01 

[2025-05-31 20:41:14.622]# SEND ASCII>
?
[2025-05-31 20:41:14.701]# RECV HEX>
21 01 02 10 00 10 06 04 08 06 19 05 05 10 08 09 04 06 10 00 01 

[2025-05-31 20:41:14.734]# SEND ASCII>
?
[2025-05-31 20:41:14.797]# RECV HEX>
21 01 02 10 00 10 05 09 02 06 13 04 05 10 08 09 04 06 10 00 01 

[2025-05-31 20:41:14.812]# SEND ASCII>
?
[2025-05-31 20:41:14.891]# RECV HEX>
21 01 02 10 00 10 05 09 02 06 13 04 05 10 08 09 04 06 10 00 01 

[2025-05-31 20:41:14.923]# SEND ASCII>
?
[2025-05-31 20:41:14.987]# RECV HEX>
21 01 02 10 00 10 05 09 02 06 13 04 05 10 08 09 04 06 10 00 01 

[2025-05-31 20:41:15.018]# SEND ASCII>
?
[2025-05-31 20:41:15.081]# RECV HEX>
21 01 02 10 00 10 05 09 02 06 13 04 05 10 08 09 04 06 10 00 01 

[2025-05-31 20:41:15.129]# SEND ASCII>
?
[2025-05-31 20:41:15.192]# RECV HEX>
21 01 02 10 00 10 05 09 02 06 13 04 05 10 09 00 08 06 10 00 01 

[2025-05-31 20:41:15.223]# SEND ASCII>
?
[2025-05-31 20:41:15.287]# RECV HEX>
21 01 01 19 09 10 06 04 00 06 19 07 00 10 09 00 08 06 10 00 01 

[2025-05-31 20:41:15.335]# SEND ASCII>
?
[2025-05-31 20:41:15.398]# RECV HEX>
21 01 01 19 09 10 06 04 00 06 19 07 00 10 09 00 08 06 10 00 01 

[2025-05-31 20:41:15.430]# SEND ASCII>
?
[2025-05-31 20:41:15.494]# RECV HEX>
21 01 01 19 09 10 06 04 00 06 19 07 00 10 09 00 08 06 10 00 01 

[2025-05-31 20:41:15.526]# SEND ASCII>
?
[2025-05-31 20:41:15.589]# RECV HEX>
21 01 01 19 09 10 06 04 00 06 19 07 00 10 09 00 08 06 10 00 01 

[2025-05-31 20:41:15.621]# SEND ASCII>
?
[2025-05-31 20:41:15.685]# RECV HEX>
21 01 01 19 09 10 06 04 00 06 19 07 00 10 09 00 08 06 10 00 01 

[2025-05-31 20:41:15.732]# SEND ASCII>
?
[2025-05-31 20:41:15.811]# RECV HEX>
21 01 01 19 08 10 06 02 07 06 19 02 03 10 09 02 02 06 10 00 01 

[2025-05-31 20:41:15.843]# SEND ASCII>
?
[2025-05-31 20:41:15.890]# RECV HEX>
21 01 01 19 08 10 06 02 07 06 19 02 03 10 09 02 02 06 10 00 01 

[2025-05-31 20:41:15.922]# SEND ASCII>
?
[2025-05-31 20:41:15.986]# RECV HEX>
21 01 01 19 08 10 06 02 07 06 19 02 03 10 09 02 02 06 10 00 01 

[2025-05-31 20:41:16.018]# SEND ASCII>
?
[2025-05-31 20:41:16.081]# RECV HEX>
21 01 01 19 08 10 06 02 07 06 19 02 03 10 09 02 02 06 10 00 01 

[2025-05-31 20:41:16.129]# SEND ASCII>
?
[2025-05-31 20:41:16.192]# RECV HEX>
21 01 01 19 08 10 06 02 07 06 19 01 04 10 09 02 02 06 10 00 01 

[2025-05-31 20:41:16.224]# SEND ASCII>
?
[2025-05-31 20:41:16.287]# RECV HEX>
21 01 01 19 09 10 06 06 08 07 12 01 04 10 09 00 01 06 10 00 01 

[2025-05-31 20:41:16.335]# SEND ASCII>
?
[2025-05-31 20:41:16.398]# RECV HEX>
21 01 01 19 09 10 06 06 08 07 12 01 04 10 09 00 01 06 10 00 01 

[2025-05-31 20:41:16.430]# SEND ASCII>
?
[2025-05-31 20:41:16.509]# RECV HEX>
21 01 01 19 09 10 06 06 08 07 12 01 04 10 09 00 01 06 10 00 01 

[2025-05-31 20:41:16.541]# SEND ASCII>
?
[2025-05-31 20:41:16.604]# RECV HEX>
21 01 01 19 09 10 06 06 08 07 12 01 04 10 09 00 01 06 10 00 01 

[2025-05-31 20:41:16.620]# SEND ASCII>
?
[2025-05-31 20:41:16.700]# RECV HEX>
21 01 01 19 09 10 06 06 08 07 12 01 04 10 09 00 04 06 10 00 02 

[2025-05-31 20:41:16.731]# SEND ASCII>
?
[2025-05-31 20:41:16.810]# RECV HEX>
21 01 01 19 09 10 06 06 09 07 14 08 02 10 09 03 04 06 10 00 02 

[2025-05-31 20:41:16.842]# SEND ASCII>
?
[2025-05-31 20:41:16.905]# RECV HEX>
21 01 01 19 09 10 06 06 09 07 14 08 02 10 09 03 04 06 10 00 02 

[2025-05-31 20:41:16.921]# SEND ASCII>
?
[2025-05-31 20:41:16.984]# RECV HEX>
21 01 01 19 09 10 06 06 09 07 14 08 02 10 09 03 04 06 10 00 01 

[2025-05-31 20:41:17.016]# SEND ASCII>
?
[2025-05-31 20:41:17.080]# RECV HEX>
21 01 01 19 09 10 06 06 09 07 14 08 02 10 09 03 04 06 10 00 01 

[2025-05-31 20:41:17.127]# SEND ASCII>
?
[2025-05-31 20:41:17.191]# RECV HEX>
21 01 01 19 09 10 06 06 09 07 14 08 02 10 09 03 04 06 10 00 01 

[2025-05-31 20:41:17.223]# SEND ASCII>
?
[2025-05-31 20:41:17.286]# RECV HEX>
21 01 02 10 01 10 05 09 03 06 14 01 08 10 09 00 03 06 10 00 01 

[2025-05-31 20:41:17.334]# SEND ASCII>
?
[2025-05-31 20:41:17.398]# RECV HEX>
21 01 02 10 01 10 05 09 03 06 14 01 08 10 09 00 03 06 10 00 01 

[2025-05-31 20:41:17.430]# SEND ASCII>
?
[2025-05-31 20:41:17.493]# RECV HEX>
21 01 02 10 01 10 05 09 03 06 14 01 08 10 09 00 03 06 10 00 01 

[2025-05-31 20:41:17.525]# SEND ASCII>
?
[2025-05-31 20:41:17.588]# RECV HEX>
21 01 02 10 01 10 05 09 03 06 14 01 08 10 09 00 03 06 10 00 01 

[2025-05-31 20:41:17.620]# SEND ASCII>
?
[2025-05-31 20:41:17.684]# RECV HEX>
21 01 02 10 01 10 05 09 03 06 14 01 08 10 09 00 03 06 10 00 01 

[2025-05-31 20:41:17.732]# SEND ASCII>
?
[2025-05-31 20:41:17.796]# RECV HEX>
21 01 01 19 09 10 06 03 08 07 10 06 09 10 09 02 05 06 10 00 01 

[2025-05-31 20:41:17.812]# SEND ASCII>
?
[2025-05-31 20:41:17.891]# RECV HEX>
21 01 01 19 09 10 06 03 08 07 10 06 09 10 09 02 05 06 10 00 01 

[2025-05-31 20:41:17.922]# SEND ASCII>
?
[2025-05-31 20:41:17.986]# RECV HEX>
21 01 01 19 09 10 06 03 08 07 10 06 09 10 09 02 05 06 10 00 01 

[2025-05-31 20:41:18.018]# SEND ASCII>
?
[2025-05-31 20:41:18.081]# RECV HEX>
21 01 01 19 09 10 06 03 08 07 10 06 09 10 09 02 05 06 10 00 01 

[2025-05-31 20:41:18.128]# SEND ASCII>
?
[2025-05-31 20:41:18.176]# RECV HEX>
21 01 01 19 09 10 06 03 08 07 10 06 09 10 09 00 07 06 10 00 01 
