
[2025-05-31 20:56:00.855]# SEND ASCII>
?
[2025-05-31 20:56:00.935]# RECV HEX>
21 01 02 10 03 10 00 07 05 00 13 04 04 10 03 08 07 06 10 00 02 

[2025-05-31 20:56:00.966]# SEND ASCII>
?
[2025-05-31 20:56:01.030]# RECV HEX>
21 01 02 10 03 10 00 07 05 00 13 04 04 10 03 08 07 06 10 00 02 

[2025-05-31 20:56:01.046]# SEND ASCII>
?
[2025-05-31 20:56:01.109]# RECV HEX>
21 01 02 10 03 10 00 07 05 00 13 04 03 10 03 08 06 06 10 00 02 

[2025-05-31 20:56:01.157]# SEND ASCII>
?
[2025-05-31 20:56:01.220]# RECV HEX>
21 01 02 10 03 10 00 07 05 00 13 04 03 10 03 08 06 06 10 00 02 

[2025-05-31 20:56:01.252]# SEND ASCII>
?
[2025-05-31 20:56:01.315]# RECV HEX>
21 01 02 10 03 10 00 07 05 00 13 04 03 10 03 08 06 06 10 00 02 

[2025-05-31 20:56:01.347]# SEND ASCII>
?
[2025-05-31 20:56:01.410]# RECV HEX>
21 01 02 10 03 10 00 07 05 00 13 04 03 10 03 08 06 06 10 00 02 

[2025-05-31 20:56:01.458]# SEND ASCII>
?
[2025-05-31 20:56:01.522]# RECV HEX>
21 01 02 10 03 10 00 07 05 00 13 04 03 10 03 08 06 06 10 00 02 

[2025-05-31 20:56:01.553]# SEND ASCII>
?
[2025-05-31 20:56:01.617]# RECV HEX>
21 01 02 10 03 10 00 07 05 00 13 04 03 10 03 08 07 06 10 00 02 

[2025-05-31 20:56:01.664]# SEND ASCII>
?
[2025-05-31 20:56:01.728]# RECV HEX>
21 01 02 10 03 10 00 07 05 00 13 04 03 10 03 08 07 06 10 00 02 

[2025-05-31 20:56:01.759]# SEND ASCII>
?
[2025-05-31 20:56:01.823]# RECV HEX>
21 01 02 10 03 10 00 07 05 00 13 04 03 10 03 08 07 06 10 00 02 

[2025-05-31 20:56:01.854]# SEND ASCII>
?
[2025-05-31 20:56:01.918]# RECV HEX>
21 01 02 10 03 10 00 07 05 00 13 04 03 10 03 08 07 06 10 00 02 

[2025-05-31 20:56:01.966]# SEND ASCII>
?
[2025-05-31 20:56:02.045]# RECV HEX>
21 01 02 10 03 10 00 07 05 00 13 04 03 10 03 08 07 06 10 00 02 

[2025-05-31 20:56:02.061]# SEND ASCII>
?
[2025-05-31 20:56:02.140]# RECV HEX>
21 01 02 10 03 10 00 07 05 00 13 04 01 10 03 08 06 06 10 00 02 

[2025-05-31 20:56:02.156]# SEND ASCII>
?
[2025-05-31 20:56:02.220]# RECV HEX>
21 01 02 10 03 10 00 07 05 00 13 04 01 10 03 08 06 06 10 00 02 

[2025-05-31 20:56:02.251]# SEND ASCII>
?
[2025-05-31 20:56:02.315]# RECV HEX>
21 01 02 10 03 10 00 07 05 00 13 04 01 10 03 08 06 06 10 00 02 

[2025-05-31 20:56:02.347]# SEND ASCII>
?
[2025-05-31 20:56:02.410]# RECV HEX>
21 01 02 10 03 10 00 07 05 00 13 04 01 10 03 08 06 06 10 00 02 

[2025-05-31 20:56:02.458]# SEND ASCII>
?
[2025-05-31 20:56:02.522]# RECV HEX>
21 01 02 10 03 10 00 07 05 00 13 04 01 10 03 08 06 06 10 00 02 

[2025-05-31 20:56:02.569]# SEND ASCII>
?
[2025-05-31 20:56:02.633]# RECV HEX>
21 01 02 10 02 10 00 07 05 00 13 04 05 10 03 08 07 06 10 00 02 

[2025-05-31 20:56:02.665]# SEND ASCII>
?
[2025-05-31 20:56:02.728]# RECV HEX>
21 01 02 10 02 10 00 07 05 00 13 04 05 10 03 08 07 06 10 00 01 

[2025-05-31 20:56:02.760]# SEND ASCII>
?
[2025-05-31 20:56:02.823]# RECV HEX>
21 01 02 10 02 10 00 07 05 00 13 04 05 10 03 08 07 06 10 00 01 

[2025-05-31 20:56:02.854]# SEND ASCII>
?
[2025-05-31 20:56:02.934]# RECV HEX>
21 01 02 10 02 10 00 07 05 00 13 04 05 10 03 08 07 06 10 00 01 

[2025-05-31 20:56:02.966]# SEND ASCII>
?
[2025-05-31 20:56:03.030]# RECV HEX>
21 01 02 10 02 10 00 07 05 00 13 04 05 10 03 08 07 06 10 00 02 

[2025-05-31 20:56:03.046]# SEND ASCII>
?
[2025-05-31 20:56:03.125]# RECV HEX>
21 01 02 10 03 10 00 07 05 00 13 04 06 10 03 08 08 06 10 00 02 

[2025-05-31 20:56:03.157]# SEND ASCII>
?
[2025-05-31 20:56:03.220]# RECV HEX>
21 01 02 10 03 10 00 07 05 00 13 04 06 10 03 08 08 06 10 00 02 

[2025-05-31 20:56:03.252]# SEND ASCII>
?
[2025-05-31 20:56:03.316]# RECV HEX>
21 01 02 10 03 10 00 07 05 00 13 04 06 10 03 08 08 06 10 00 02 

[2025-05-31 20:56:03.363]# SEND ASCII>
?
[2025-05-31 20:56:03.427]# RECV HEX>
21 01 02 10 03 10 00 07 05 00 13 04 06 10 03 08 08 06 10 00 02 

[2025-05-31 20:56:03.459]# SEND ASCII>
?
[2025-05-31 20:56:03.522]# RECV HEX>
21 01 02 10 03 10 00 07 05 00 13 04 06 10 03 08 08 06 10 00 02 

[2025-05-31 20:56:03.569]# SEND ASCII>
?
[2025-05-31 20:56:03.633]# RECV HEX>
21 01 02 10 03 10 00 07 05 00 13 04 03 10 03 08 06 06 10 00 02 

[2025-05-31 20:56:03.665]# SEND ASCII>
?
[2025-05-31 20:56:03.728]# RECV HEX>
21 01 02 10 03 10 00 07 05 00 13 04 03 10 03 08 06 06 10 00 01 

[2025-05-31 20:56:03.760]# SEND ASCII>
?
[2025-05-31 20:56:03.808]# RECV HEX>
21 01 02 10 03 10 00 07 05 00 13 04 03 10 03 08 06 06 10 00 01 

[2025-05-31 20:56:03.855]# SEND ASCII>
?
[2025-05-31 20:56:03.935]# RECV HEX>
21 01 02 10 03 10 00 07 05 00 13 04 03 10 03 08 06 06 10 00 01 

[2025-05-31 20:56:03.967]# SEND ASCII>
?
[2025-05-31 20:56:04.031]# RECV HEX>
21 01 02 10 03 10 00 07 05 00 13 04 03 10 03 08 06 06 10 00 02 

[2025-05-31 20:56:04.047]# SEND ASCII>
?
[2025-05-31 20:56:04.110]# RECV HEX>
21 01 02 10 02 10 00 07 05 00 13 04 05 10 03 08 07 06 10 00 02 

[2025-05-31 20:56:04.157]# SEND ASCII>
?
[2025-05-31 20:56:04.221]# RECV HEX>
21 01 02 10 02 10 00 07 05 00 13 04 05 10 03 08 07 06 10 00 02 

[2025-05-31 20:56:04.253]# SEND ASCII>
?
[2025-05-31 20:56:04.316]# RECV HEX>
21 01 02 10 02 10 00 07 05 00 13 04 05 10 03 08 07 06 10 00 02 

[2025-05-31 20:56:04.363]# SEND ASCII>
?
[2025-05-31 20:56:04.427]# RECV HEX>
21 01 02 10 02 10 00 07 05 00 13 04 05 10 03 08 07 06 10 00 02 

[2025-05-31 20:56:04.458]# SEND ASCII>
?
[2025-05-31 20:56:04.522]# RECV HEX>
21 01 02 10 02 10 00 07 05 00 13 04 05 10 03 08 07 06 10 00 02 

[2025-05-31 20:56:04.569]# SEND ASCII>
?
[2025-05-31 20:56:04.616]# RECV HEX>
21 01 02 10 03 10 00 07 05 00 13 04 01 10 03 08 05 06 10 00 02 

[2025-05-31 20:56:04.664]# SEND ASCII>
?
[2025-05-31 20:56:04.728]# RECV HEX>
21 01 02 10 03 10 00 07 05 00 13 04 01 10 03 08 05 06 10 00 02 

[2025-05-31 20:56:04.760]# SEND ASCII>
?
[2025-05-31 20:56:04.791]# RECV HEX>
21 01 02 10 03 10 00 07 05 00 13 04 01 10 03 08 05 06 10 00 02 

[2025-05-31 20:56:04.855]# SEND ASCII>
?
[2025-05-31 20:56:04.903]# RECV HEX>
21 01 02 10 03 10 00 07 05 00 13 04 01 10 03 08 05 06 10 00 02 

[2025-05-31 20:56:04.967]# SEND ASCII>
?
[2025-05-31 20:56:05.030]# RECV HEX>
21 01 02 10 03 10 00 07 05 00 13 04 01 10 03 08 05 06 10 00 01 

[2025-05-31 20:56:05.046]# SEND ASCII>
?
[2025-05-31 20:56:05.110]# RECV HEX>
21 01 02 10 02 10 00 07 05 00 13 04 03 10 03 08 06 06 10 00 01 

[2025-05-31 20:56:05.157]# SEND ASCII>
?
[2025-05-31 20:56:05.220]# RECV HEX>
21 01 02 10 02 10 00 07 05 00 13 04 03 10 03 08 06 06 10 00 01 

[2025-05-31 20:56:05.252]# SEND ASCII>
?
[2025-05-31 20:56:05.315]# RECV HEX>
21 01 02 10 02 10 00 07 05 00 13 04 03 10 03 08 06 06 10 00 01 

[2025-05-31 20:56:05.362]# SEND ASCII>
?
[2025-05-31 20:56:05.427]# RECV HEX>
21 01 02 10 02 10 00 07 05 00 13 04 03 10 03 08 06 06 10 00 01 

[2025-05-31 20:56:05.458]# SEND ASCII>
?
[2025-05-31 20:56:05.521]# RECV HEX>
21 01 02 10 02 10 00 07 05 00 13 04 03 10 03 08 06 06 10 00 01 

[2025-05-31 20:56:05.569]# SEND ASCII>
?
[2025-05-31 20:56:05.632]# RECV HEX>
21 01 02 10 03 10 00 07 06 00 13 04 08 10 03 08 08 06 10 00 02 

[2025-05-31 20:56:05.664]# SEND ASCII>
?
[2025-05-31 20:56:05.727]# RECV HEX>
21 01 02 10 03 10 00 07 06 00 13 04 08 10 03 08 08 06 10 00 02 

[2025-05-31 20:56:05.759]# SEND ASCII>
?
[2025-05-31 20:56:05.822]# RECV HEX>
21 01 02 10 03 10 00 07 06 00 13 04 08 10 03 08 08 06 10 00 02 

[2025-05-31 20:56:05.854]# SEND ASCII>
?
[2025-05-31 20:56:05.917]# RECV HEX>
21 01 02 10 03 10 00 07 06 00 13 04 08 10 03 08 08 06 10 00 01 

[2025-05-31 20:56:05.965]# SEND ASCII>
?
[2025-05-31 20:56:06.045]# RECV HEX>
21 01 02 10 03 10 00 07 06 00 13 04 08 10 03 08 08 06 10 00 01 

[2025-05-31 20:56:06.076]# SEND ASCII>
?
[2025-05-31 20:56:06.140]# RECV HEX>
21 01 02 10 03 10 00 07 05 00 13 04 06 10 03 08 08 06 10 00 01 

[2025-05-31 20:56:06.156]# SEND ASCII>
?
[2025-05-31 20:56:06.235]# RECV HEX>
21 01 02 10 03 10 00 07 05 00 13 04 06 10 03 08 08 06 10 00 01 

[2025-05-31 20:56:06.251]# SEND ASCII>
?
[2025-05-31 20:56:06.330]# RECV HEX>
21 01 02 10 03 10 00 07 05 00 13 04 06 10 03 08 08 06 10 00 01 

[2025-05-31 20:56:06.346]# SEND ASCII>
?
[2025-05-31 20:56:06.426]# RECV HEX>
21 01 02 10 03 10 00 07 05 00 13 04 06 10 03 08 08 06 10 00 01 

[2025-05-31 20:56:06.458]# SEND ASCII>
?
[2025-05-31 20:56:06.521]# RECV HEX>
21 01 02 10 03 10 00 07 05 00 13 04 06 10 03 08 08 06 10 00 01 

[2025-05-31 20:56:06.569]# SEND ASCII>
?
[2025-05-31 20:56:06.632]# RECV HEX>
21 01 02 10 03 10 00 07 05 00 13 04 02 10 03 08 06 06 10 00 01 

[2025-05-31 20:56:06.664]# SEND ASCII>
?
[2025-05-31 20:56:06.744]# RECV HEX>
21 01 02 10 03 10 00 07 05 00 13 04 02 10 03 08 06 06 10 00 01 

[2025-05-31 20:56:06.760]# SEND ASCII>
?
[2025-05-31 20:56:06.839]# RECV HEX>
21 01 02 10 03 10 00 07 05 00 13 04 02 10 03 08 06 06 10 00 02 

[2025-05-31 20:56:06.855]# SEND ASCII>
?
[2025-05-31 20:56:06.935]# RECV HEX>
21 01 02 10 03 10 00 07 05 00 13 04 02 10 03 08 06 06 10 00 02 

[2025-05-31 20:56:06.966]# SEND ASCII>
?
[2025-05-31 20:56:07.014]# RECV HEX>
21 01 02 10 03 10 00 07 05 00 13 04 02 10 03 08 06 06 10 00 02 

[2025-05-31 20:56:07.062]# SEND ASCII>
?
[2025-05-31 20:56:07.126]# RECV HEX>
21 01 02 10 03 10 00 07 05 00 13 04 05 10 03 08 08 06 10 00 02 

[2025-05-31 20:56:07.157]# SEND ASCII>
?
[2025-05-31 20:56:07.221]# RECV HEX>
21 01 02 10 03 10 00 07 05 00 13 04 05 10 03 08 08 06 10 00 01 

[2025-05-31 20:56:07.253]# SEND ASCII>
?
[2025-05-31 20:56:07.316]# RECV HEX>
21 01 02 10 03 10 00 07 05 00 13 04 05 10 03 08 08 06 10 00 01 

[2025-05-31 20:56:07.364]# SEND ASCII>
?
[2025-05-31 20:56:07.428]# RECV HEX>
21 01 02 10 03 10 00 07 05 00 13 04 05 10 03 08 08 06 10 00 01 

[2025-05-31 20:56:07.459]# SEND ASCII>
?
[2025-05-31 20:56:07.523]# RECV HEX>
21 01 02 10 03 10 00 07 05 00 13 04 05 10 03 08 08 06 10 00 02 

[2025-05-31 20:56:07.570]# SEND ASCII>
?
[2025-05-31 20:56:07.634]# RECV HEX>
21 01 02 10 04 10 00 07 05 00 13 04 06 10 03 08 07 06 10 00 02 

[2025-05-31 20:56:07.665]# SEND ASCII>
?
[2025-05-31 20:56:07.729]# RECV HEX>
21 01 02 10 04 10 00 07 05 00 13 04 06 10 03 08 07 06 10 00 02 

[2025-05-31 20:56:07.761]# SEND ASCII>
?
[2025-05-31 20:56:07.825]# RECV HEX>
21 01 02 10 04 10 00 07 05 00 13 04 06 10 03 08 07 06 10 00 02 

[2025-05-31 20:56:07.872]# SEND ASCII>
?
[2025-05-31 20:56:07.951]# RECV HEX>
21 01 02 10 04 10 00 07 05 00 13 04 06 10 03 08 07 06 10 00 02 

[2025-05-31 20:56:07.982]# SEND ASCII>
?
[2025-05-31 20:56:08.030]# RECV HEX>
21 01 02 10 04 10 00 07 05 00 13 04 06 10 03 08 07 06 10 00 02 

[2025-05-31 20:56:08.046]# SEND ASCII>
?
[2025-05-31 20:56:08.110]# RECV HEX>
21 01 02 10 04 10 00 07 05 00 13 04 04 10 03 08 07 06 10 00 02 

[2025-05-31 20:56:08.157]# SEND ASCII>
?
[2025-05-31 20:56:08.220]# RECV HEX>
21 01 02 10 04 10 00 07 05 00 13 04 04 10 03 08 07 06 10 00 02 

[2025-05-31 20:56:08.252]# SEND ASCII>
?
[2025-05-31 20:56:08.315]# RECV HEX>
21 01 02 10 04 10 00 07 05 00 13 04 04 10 03 08 07 06 10 00 02 

[2025-05-31 20:56:08.363]# SEND ASCII>
?
[2025-05-31 20:56:08.410]# RECV HEX>
21 01 02 10 04 10 00 07 05 00 13 04 04 10 03 08 07 06 10 00 02 

[2025-05-31 20:56:08.457]# SEND ASCII>
?
[2025-05-31 20:56:08.521]# RECV HEX>
21 01 02 10 04 10 00 07 05 00 13 04 04 10 03 08 07 06 10 00 02 

[2025-05-31 20:56:08.568]# SEND ASCII>
?
[2025-05-31 20:56:08.632]# RECV HEX>
21 01 02 10 03 10 00 07 05 00 13 04 01 10 03 08 05 06 10 00 02 

[2025-05-31 20:56:08.664]# SEND ASCII>
?
[2025-05-31 20:56:08.727]# RECV HEX>
21 01 02 10 03 10 00 07 05 00 13 04 01 10 03 08 05 06 10 00 02 

[2025-05-31 20:56:08.759]# SEND ASCII>
?
[2025-05-31 20:56:08.839]# RECV HEX>
21 01 02 10 03 10 00 07 05 00 13 04 01 10 03 08 05 06 10 00 02 

[2025-05-31 20:56:08.870]# SEND ASCII>
?
[2025-05-31 20:56:08.934]# RECV HEX>
21 01 02 10 03 10 00 07 05 00 13 04 01 10 03 08 05 06 10 00 02 

[2025-05-31 20:56:08.965]# SEND ASCII>
?
[2025-05-31 20:56:09.029]# RECV HEX>
21 01 02 10 03 10 00 07 05 00 13 04 01 10 03 08 05 06 10 00 02 

[2025-05-31 20:56:09.076]# SEND ASCII>
?
[2025-05-31 20:56:09.140]# RECV HEX>
21 01 02 10 03 10 00 07 06 00 13 04 09 10 03 08 08 06 10 00 01 

[2025-05-31 20:56:09.155]# SEND ASCII>
?
[2025-05-31 20:56:09.235]# RECV HEX>
21 01 02 10 03 10 00 07 06 00 13 04 09 10 03 08 08 06 10 00 01 

[2025-05-31 20:56:09.267]# SEND ASCII>
?
[2025-05-31 20:56:09.331]# RECV HEX>
21 01 02 10 03 10 00 07 06 00 13 04 09 10 03 08 08 06 10 00 01 

[2025-05-31 20:56:09.347]# SEND ASCII>
?
[2025-05-31 20:56:09.426]# RECV HEX>
21 01 02 10 03 10 00 07 06 00 13 04 09 10 03 08 08 06 10 00 01 

[2025-05-31 20:56:09.457]# SEND ASCII>
?
[2025-05-31 20:56:09.521]# RECV HEX>
21 01 02 10 03 10 00 07 06 00 13 04 09 10 03 08 08 06 10 00 01 

[2025-05-31 20:56:09.569]# SEND ASCII>
?
[2025-05-31 20:56:09.633]# RECV HEX>
21 01 02 10 04 10 00 07 05 00 13 04 01 10 03 08 04 06 10 00 01 

[2025-05-31 20:56:09.665]# SEND ASCII>
?
[2025-05-31 20:56:09.744]# RECV HEX>
21 01 02 10 04 10 00 07 05 00 13 04 01 10 03 08 04 06 10 00 02 

[2025-05-31 20:56:09.776]# SEND ASCII>
?
[2025-05-31 20:56:09.840]# RECV HEX>
21 01 02 10 04 10 00 07 05 00 13 04 01 10 03 08 04 06 10 00 02 

[2025-05-31 20:56:09.846]# SEND ASCII>
?
[2025-05-31 20:56:09.919]# RECV HEX>
21 01 02 10 04 10 00 07 05 00 13 04 01 10 03 08 04 06 10 00 02 

[2025-05-31 20:56:09.967]# SEND ASCII>
?
[2025-05-31 20:56:10.030]# RECV HEX>
21 01 02 10 04 10 00 07 05 00 13 04 01 10 03 08 04 06 10 00 02 

[2025-05-31 20:56:10.046]# SEND ASCII>
?
[2025-05-31 20:56:10.125]# RECV HEX>
21 01 02 10 03 10 00 07 05 00 13 04 00 10 03 08 05 06 10 00 02 

[2025-05-31 20:56:10.157]# SEND ASCII>
?
[2025-05-31 20:56:10.220]# RECV HEX>
21 01 02 10 03 10 00 07 05 00 13 04 00 10 03 08 05 06 10 00 02 

[2025-05-31 20:56:10.252]# SEND ASCII>
?
[2025-05-31 20:56:10.316]# RECV HEX>
21 01 02 10 03 10 00 07 05 00 13 04 00 10 03 08 05 06 10 00 01 

[2025-05-31 20:56:10.363]# SEND ASCII>
?
[2025-05-31 20:56:10.427]# RECV HEX>
21 01 02 10 03 10 00 07 05 00 13 04 00 10 03 08 05 06 10 00 01 

[2025-05-31 20:56:10.458]# SEND ASCII>
?
[2025-05-31 20:56:10.522]# RECV HEX>
21 01 02 10 03 10 00 07 05 00 13 04 00 10 03 08 05 06 10 00 01 

[2025-05-31 20:56:10.570]# SEND ASCII>
?
[2025-05-31 20:56:10.650]# RECV HEX>
21 01 02 10 04 10 00 07 06 00 13 05 01 10 03 09 00 06 10 00 02 

[2025-05-31 20:56:10.682]# SEND ASCII>
?
[2025-05-31 20:56:10.746]# RECV HEX>
21 01 02 10 04 10 00 07 06 00 13 05 01 10 03 09 00 06 10 00 02 

[2025-05-31 20:56:10.762]# SEND ASCII>
?
[2025-05-31 20:56:10.841]# RECV HEX>
21 01 02 10 04 10 00 07 06 00 13 05 01 10 03 09 00 06 10 00 02 

[2025-05-31 20:56:10.872]# SEND ASCII>
?
[2025-05-31 20:56:10.920]# RECV HEX>
21 01 02 10 04 10 00 07 06 00 13 05 01 10 03 09 00 06 10 00 02 

[2025-05-31 20:56:10.967]# SEND ASCII>
?
[2025-05-31 20:56:11.031]# RECV HEX>
21 01 02 10 04 10 00 07 06 00 13 05 01 10 03 09 00 06 10 00 02 

[2025-05-31 20:56:11.047]# SEND ASCII>
?
[2025-05-31 20:56:11.126]# RECV HEX>
21 01 02 10 03 10 00 07 05 00 13 04 03 10 03 08 07 06 10 00 02 

[2025-05-31 20:56:11.158]# SEND ASCII>
?
[2025-05-31 20:56:11.222]# RECV HEX>
21 01 02 10 03 10 00 07 05 00 13 04 03 10 03 08 07 06 10 00 02 

[2025-05-31 20:56:11.253]# SEND ASCII>
?
[2025-05-31 20:56:11.317]# RECV HEX>
21 01 02 10 03 10 00 07 05 00 13 04 03 10 03 08 07 06 10 00 03 

[2025-05-31 20:56:11.365]# SEND ASCII>
?
[2025-05-31 20:56:11.444]# RECV HEX>
21 01 02 10 03 10 00 07 05 00 13 04 03 10 03 08 07 06 10 00 03 

[2025-05-31 20:56:11.460]# SEND ASCII>
?
[2025-05-31 20:56:11.540]# RECV HEX>
21 01 02 10 03 10 00 07 05 00 13 04 03 10 03 08 07 06 10 00 03 

[2025-05-31 20:56:11.556]# SEND ASCII>
?
[2025-05-31 20:56:11.635]# RECV HEX>
21 01 02 10 04 10 00 07 04 00 13 03 08 10 03 08 03 06 10 00 02 

[2025-05-31 20:56:11.667]# SEND ASCII>
?
[2025-05-31 20:56:11.731]# RECV HEX>
21 01 02 10 04 10 00 07 04 00 13 03 08 10 03 08 03 06 10 00 02 

[2025-05-31 20:56:11.762]# SEND ASCII>
?
[2025-05-31 20:56:11.826]# RECV HEX>
21 01 02 10 04 10 00 07 04 00 13 03 08 10 03 08 03 06 10 00 02 

[2025-05-31 20:56:11.874]# SEND ASCII>
?
[2025-05-31 20:56:11.938]# RECV HEX>
21 01 02 10 04 10 00 07 04 00 13 03 08 10 03 08 03 06 10 00 02 

[2025-05-31 20:56:11.953]# SEND ASCII>
?
[2025-05-31 20:56:12.016]# RECV HEX>
21 01 02 10 04 10 00 07 04 00 13 03 08 10 03 08 03 06 10 00 02 

[2025-05-31 20:56:12.064]# SEND ASCII>
?
[2025-05-31 20:56:12.127]# RECV HEX>
21 01 02 10 02 10 00 07 05 00 13 04 02 10 03 08 06 06 10 00 02 

[2025-05-31 20:56:12.159]# SEND ASCII>
?
[2025-05-31 20:56:12.223]# RECV HEX>
21 01 02 10 02 10 00 07 05 00 13 04 02 10 03 08 06 06 10 00 02 

[2025-05-31 20:56:12.255]# SEND ASCII>
?
[2025-05-31 20:56:12.318]# RECV HEX>
21 01 02 10 02 10 00 07 05 00 13 04 02 10 03 08 06 06 10 00 02 

[2025-05-31 20:56:12.365]# SEND ASCII>
?
[2025-05-31 20:56:12.429]# RECV HEX>
21 01 02 10 02 10 00 07 05 00 13 04 02 10 03 08 06 06 10 00 02 

[2025-05-31 20:56:12.460]# SEND ASCII>
?
[2025-05-31 20:56:12.525]# RECV HEX>
21 01 02 10 02 10 00 07 05 00 13 04 02 10 03 08 06 06 10 00 03 

[2025-05-31 20:56:12.573]# SEND ASCII>
?
[2025-05-31 20:56:12.636]# RECV HEX>
21 01 02 10 02 10 00 07 06 00 13 04 07 10 03 08 09 06 10 00 03 

[2025-05-31 20:56:12.668]# SEND ASCII>
?
[2025-05-31 20:56:12.732]# RECV HEX>
21 01 02 10 02 10 00 07 06 00 13 04 07 10 03 08 09 06 10 00 03 

[2025-05-31 20:56:12.750]# SEND ASCII>
?
[2025-05-31 20:56:12.811]# RECV HEX>
21 01 02 10 02 10 00 07 06 00 13 04 07 10 03 08 09 06 10 00 02 

[2025-05-31 20:56:12.859]# SEND ASCII>
?
[2025-05-31 20:56:12.922]# RECV HEX>
21 01 02 10 02 10 00 07 06 00 13 04 07 10 03 08 09 06 10 00 02 

[2025-05-31 20:56:12.954]# SEND ASCII>
?
[2025-05-31 20:56:13.017]# RECV HEX>
21 01 02 10 02 10 00 07 06 00 13 04 07 10 03 08 09 06 10 00 02 

[2025-05-31 20:56:13.065]# SEND ASCII>
?
[2025-05-31 20:56:13.129]# RECV HEX>
21 01 02 10 03 10 00 07 06 00 13 04 06 10 03 08 08 06 10 00 02 

[2025-05-31 20:56:13.160]# SEND ASCII>
?
[2025-05-31 20:56:13.223]# RECV HEX>
21 01 02 10 03 10 00 07 06 00 13 04 06 10 03 08 08 06 10 00 02 

[2025-05-31 20:56:13.255]# SEND ASCII>
?
[2025-05-31 20:56:13.319]# RECV HEX>
21 01 02 10 03 10 00 07 06 00 13 04 06 10 03 08 08 06 10 00 02 

[2025-05-31 20:56:13.366]# SEND ASCII>
?
[2025-05-31 20:56:13.430]# RECV HEX>
21 01 02 10 03 10 00 07 06 00 13 04 06 10 03 08 08 06 10 00 02 

[2025-05-31 20:56:13.461]# SEND ASCII>
?
[2025-05-31 20:56:13.541]# RECV HEX>
21 01 02 10 03 10 00 07 06 00 13 04 06 10 03 08 08 06 10 00 02 

[2025-05-31 20:56:13.572]# SEND ASCII>
?
[2025-05-31 20:56:13.635]# RECV HEX>
21 01 02 10 03 10 00 07 06 00 13 04 08 10 03 08 08 06 10 00 02 

[2025-05-31 20:56:13.667]# SEND ASCII>
?
[2025-05-31 20:56:13.730]# RECV HEX>
21 01 02 10 03 10 00 07 06 00 13 04 08 10 03 08 08 06 10 00 02 

[2025-05-31 20:56:13.762]# SEND ASCII>
?
[2025-05-31 20:56:13.826]# RECV HEX>
21 01 02 10 03 10 00 07 06 00 13 04 08 10 03 08 08 06 10 00 02 

[2025-05-31 20:56:13.874]# SEND ASCII>
?
[2025-05-31 20:56:13.937]# RECV HEX>
21 01 02 10 03 10 00 07 06 00 13 04 08 10 03 08 08 06 10 00 02 

[2025-05-31 20:56:13.953]# SEND ASCII>
?
[2025-05-31 20:56:14.032]# RECV HEX>
21 01 02 10 03 10 00 07 06 00 13 04 08 10 03 08 08 06 10 00 02 

[2025-05-31 20:56:14.048]# SEND ASCII>
?
[2025-05-31 20:56:14.128]# RECV HEX>
21 01 02 10 03 10 00 07 05 00 13 04 04 10 03 08 07 06 10 00 02 

[2025-05-31 20:56:14.159]# SEND ASCII>
?
[2025-05-31 20:56:14.223]# RECV HEX>
21 01 02 10 03 10 00 07 05 00 13 04 04 10 03 08 07 06 10 00 02 

[2025-05-31 20:56:14.255]# SEND ASCII>
?
[2025-05-31 20:56:14.319]# RECV HEX>
21 01 02 10 03 10 00 07 05 00 13 04 04 10 03 08 07 06 10 00 02 

[2025-05-31 20:56:14.366]# SEND ASCII>
?
[2025-05-31 20:56:14.430]# RECV HEX>
21 01 02 10 03 10 00 07 05 00 13 04 04 10 03 08 07 06 10 00 02 

[2025-05-31 20:56:14.461]# SEND ASCII>
?
[2025-05-31 20:56:14.540]# RECV HEX>
21 01 02 10 03 10 00 07 05 00 13 04 04 10 03 08 07 06 10 00 02 

[2025-05-31 20:56:14.556]# SEND ASCII>
?
[2025-05-31 20:56:14.635]# RECV HEX>
21 01 02 10 03 10 00 07 05 00 13 04 03 10 03 08 07 06 10 00 02 

[2025-05-31 20:56:14.667]# SEND ASCII>
?
[2025-05-31 20:56:14.730]# RECV HEX>
21 01 02 10 03 10 00 07 05 00 13 04 03 10 03 08 07 06 10 00 02 

[2025-05-31 20:56:14.762]# SEND ASCII>
?
[2025-05-31 20:56:14.842]# RECV HEX>
21 01 02 10 03 10 00 07 05 00 13 04 03 10 03 08 07 06 10 00 02 

[2025-05-31 20:56:14.858]# SEND ASCII>
?
[2025-05-31 20:56:14.938]# RECV HEX>
21 01 02 10 03 10 00 07 05 00 13 04 03 10 03 08 07 06 10 00 02 

[2025-05-31 20:56:14.952]# SEND ASCII>
?
[2025-05-31 20:56:15.032]# RECV HEX>
21 01 02 10 03 10 00 07 05 00 13 04 03 10 03 08 07 06 10 00 02 

[2025-05-31 20:56:15.048]# SEND ASCII>
?
[2025-05-31 20:56:15.127]# RECV HEX>
21 01 02 10 03 10 00 07 05 00 13 04 06 10 03 08 08 06 10 00 02 

[2025-05-31 20:56:15.159]# SEND ASCII>
?
[2025-05-31 20:56:15.223]# RECV HEX>
21 01 02 10 03 10 00 07 05 00 13 04 06 10 03 08 08 06 10 00 02 

[2025-05-31 20:56:15.255]# SEND ASCII>
?
[2025-05-31 20:56:15.318]# RECV HEX>
21 01 02 10 03 10 00 07 05 00 13 04 06 10 03 08 08 06 10 00 02 

[2025-05-31 20:56:15.365]# SEND ASCII>
?
[2025-05-31 20:56:15.444]# RECV HEX>
21 01 02 10 03 10 00 07 05 00 13 04 06 10 03 08 08 06 10 00 02 

[2025-05-31 20:56:15.476]# SEND ASCII>
?
[2025-05-31 20:56:15.539]# RECV HEX>
21 01 02 10 03 10 00 07 05 00 13 04 06 10 03 08 08 06 10 00 02 

[2025-05-31 20:56:15.555]# SEND ASCII>
?
[2025-05-31 20:56:15.634]# RECV HEX>
21 01 02 10 04 10 00 07 06 00 13 04 09 10 03 08 09 06 10 00 02 

[2025-05-31 20:56:15.666]# SEND ASCII>
?
[2025-05-31 20:56:15.730]# RECV HEX>
21 01 02 10 04 10 00 07 06 00 13 04 09 10 03 08 09 06 10 00 02 

[2025-05-31 20:56:15.762]# SEND ASCII>
?
[2025-05-31 20:56:15.841]# RECV HEX>
21 01 02 10 04 10 00 07 06 00 13 04 09 10 03 08 09 06 10 00 02 

[2025-05-31 20:56:15.873]# SEND ASCII>
?
[2025-05-31 20:56:15.921]# RECV HEX>
21 01 02 10 04 10 00 07 06 00 13 04 09 10 03 08 09 06 10 00 02 

[2025-05-31 20:56:15.952]# SEND ASCII>
?
[2025-05-31 20:56:16.016]# RECV HEX>
21 01 02 10 04 10 00 07 06 00 13 04 09 10 03 08 09 06 10 00 02 

[2025-05-31 20:56:16.064]# SEND ASCII>
?
[2025-05-31 20:56:16.127]# RECV HEX>
21 01 02 10 03 10 00 07 05 00 13 04 02 10 03 08 06 06 10 00 02 

[2025-05-31 20:56:16.159]# SEND ASCII>
?
[2025-05-31 20:56:16.223]# RECV HEX>
21 01 02 10 03 10 00 07 05 00 13 04 02 10 03 08 06 06 10 00 02 

[2025-05-31 20:56:16.255]# SEND ASCII>
?
[2025-05-31 20:56:16.318]# RECV HEX>
21 01 02 10 03 10 00 07 05 00 13 04 02 10 03 08 06 06 10 00 01 

[2025-05-31 20:56:16.365]# SEND ASCII>
?
[2025-05-31 20:56:16.430]# RECV HEX>
21 01 02 10 03 10 00 07 05 00 13 04 02 10 03 08 06 06 10 00 01 

[2025-05-31 20:56:16.461]# SEND ASCII>
?
[2025-05-31 20:56:16.525]# RECV HEX>
21 01 02 10 03 10 00 07 05 00 13 04 02 10 03 08 06 06 10 00 01 

[2025-05-31 20:56:16.573]# SEND ASCII>
?
[2025-05-31 20:56:16.653]# RECV HEX>
21 01 02 10 03 10 00 07 06 00 13 04 07 10 03 08 08 06 10 00 02 

[2025-05-31 20:56:16.669]# SEND ASCII>
?
[2025-05-31 20:56:16.748]# RECV HEX>
21 01 02 10 03 10 00 07 06 00 13 04 07 10 03 08 08 06 10 00 02 

[2025-05-31 20:56:16.764]# SEND ASCII>
?
[2025-05-31 20:56:16.828]# RECV HEX>
21 01 02 10 03 10 00 07 06 00 13 04 07 10 03 08 08 06 10 00 02 

[2025-05-31 20:56:16.844]# SEND ASCII>
?
[2025-05-31 20:56:16.907]# RECV HEX>
21 01 02 10 03 10 00 07 06 00 13 04 07 10 03 08 08 06 10 00 02 

[2025-05-31 20:56:16.956]# SEND ASCII>
?
[2025-05-31 20:56:17.019]# RECV HEX>
21 01 02 10 03 10 00 07 06 00 13 04 07 10 03 08 08 06 10 00 02 

[2025-05-31 20:56:17.066]# SEND ASCII>
?
[2025-05-31 20:56:17.130]# RECV HEX>
21 01 02 10 04 10 00 07 05 00 13 04 03 10 03 08 06 06 10 00 02 

[2025-05-31 20:56:17.162]# SEND ASCII>
?
[2025-05-31 20:56:17.226]# RECV HEX>
21 01 02 10 04 10 00 07 05 00 13 04 03 10 03 08 06 06 10 00 02 

[2025-05-31 20:56:17.257]# SEND ASCII>
?
[2025-05-31 20:56:17.321]# RECV HEX>
21 01 02 10 04 10 00 07 05 00 13 04 03 10 03 08 06 06 10 00 01 

[2025-05-31 20:56:17.352]# SEND ASCII>
?
[2025-05-31 20:56:17.416]# RECV HEX>
21 01 02 10 04 10 00 07 05 00 13 04 03 10 03 08 06 06 10 00 01 

[2025-05-31 20:56:17.463]# SEND ASCII>
?
[2025-05-31 20:56:17.543]# RECV HEX>
21 01 02 10 04 10 00 07 05 00 13 04 03 10 03 08 06 06 10 00 01 

[2025-05-31 20:56:17.559]# SEND ASCII>
?
[2025-05-31 20:56:17.638]# RECV HEX>
21 01 02 10 04 10 00 07 05 00 13 04 04 10 03 08 07 06 10 00 02 

[2025-05-31 20:56:17.669]# SEND ASCII>
?
[2025-05-31 20:56:17.733]# RECV HEX>
21 01 02 10 04 10 00 07 05 00 13 04 04 10 03 08 07 06 10 00 02 

[2025-05-31 20:56:17.749]# SEND ASCII>
?
[2025-05-31 20:56:17.828]# RECV HEX>
21 01 02 10 04 10 00 07 05 00 13 04 04 10 03 08 07 06 10 00 02 

[2025-05-31 20:56:17.844]# SEND ASCII>
?
[2025-05-31 20:56:17.924]# RECV HEX>
21 01 02 10 04 10 00 07 05 00 13 04 04 10 03 08 07 06 10 00 02 

[2025-05-31 20:56:17.956]# SEND ASCII>
?
[2025-05-31 20:56:18.019]# RECV HEX>
21 01 02 10 04 10 00 07 05 00 13 04 04 10 03 08 07 06 10 00 02 

[2025-05-31 20:56:18.067]# SEND ASCII>
?
[2025-05-31 20:56:18.131]# RECV HEX>
21 01 02 10 02 10 00 07 05 00 13 04 00 10 03 08 05 06 10 00 02 

[2025-05-31 20:56:18.163]# SEND ASCII>
?
[2025-05-31 20:56:18.227]# RECV HEX>
21 01 02 10 02 10 00 07 05 00 13 04 00 10 03 08 05 06 10 00 02 

[2025-05-31 20:56:18.258]# SEND ASCII>
?
[2025-05-31 20:56:18.322]# RECV HEX>
21 01 02 10 02 10 00 07 05 00 13 04 00 10 03 08 05 06 10 00 02 

[2025-05-31 20:56:18.354]# SEND ASCII>
?
[2025-05-31 20:56:18.417]# RECV HEX>
21 01 02 10 02 10 00 07 05 00 13 04 00 10 03 08 05 06 10 00 02 

[2025-05-31 20:56:18.465]# SEND ASCII>
?
[2025-05-31 20:56:18.544]# RECV HEX>
21 01 02 10 02 10 00 07 05 00 13 04 00 10 03 08 05 06 10 00 02 

[2025-05-31 20:56:18.560]# SEND ASCII>
?
[2025-05-31 20:56:18.639]# RECV HEX>
21 01 02 10 03 10 00 07 06 00 13 04 09 10 03 08 09 06 10 00 02 

[2025-05-31 20:56:18.655]# SEND ASCII>
?
[2025-05-31 20:56:18.719]# RECV HEX>
21 01 02 10 03 10 00 07 06 00 13 04 09 10 03 08 09 06 10 00 02 

[2025-05-31 20:56:18.750]# SEND ASCII>
?
[2025-05-31 20:56:18.814]# RECV HEX>
21 01 02 10 03 10 00 07 06 00 13 04 09 10 03 08 09 06 10 00 02 

[2025-05-31 20:56:18.862]# SEND ASCII>
?
[2025-05-31 20:56:18.925]# RECV HEX>
21 01 02 10 03 10 00 07 06 00 13 04 09 10 03 08 09 06 10 00 02 

[2025-05-31 20:56:18.956]# SEND ASCII>
?
[2025-05-31 20:56:19.019]# RECV HEX>
21 01 02 10 03 10 00 07 06 00 13 04 09 10 03 08 09 06 10 00 02 

[2025-05-31 20:56:19.067]# SEND ASCII>
?
[2025-05-31 20:56:19.130]# RECV HEX>
21 01 02 10 03 10 00 07 05 00 13 04 02 10 03 08 05 06 10 00 02 

[2025-05-31 20:56:19.162]# SEND ASCII>
?
[2025-05-31 20:56:19.225]# RECV HEX>
21 01 02 10 03 10 00 07 05 00 13 04 02 10 03 08 05 06 10 00 02 

[2025-05-31 20:56:19.257]# SEND ASCII>
?
[2025-05-31 20:56:19.320]# RECV HEX>
21 01 02 10 03 10 00 07 05 00 13 04 02 10 03 08 05 06 10 00 02 

[2025-05-31 20:56:19.368]# SEND ASCII>
?
[2025-05-31 20:56:19.431]# RECV HEX>
21 01 02 10 03 10 00 07 05 00 13 04 02 10 03 08 05 06 10 00 02 

[2025-05-31 20:56:19.463]# SEND ASCII>
?
[2025-05-31 20:56:19.543]# RECV HEX>
21 01 02 10 03 10 00 07 05 00 13 04 02 10 03 08 05 06 10 00 02 

[2025-05-31 20:56:19.575]# SEND ASCII>
?
[2025-05-31 20:56:19.654]# RECV HEX>
21 01 02 10 03 10 00 07 05 00 13 04 03 10 03 08 06 06 10 00 02 

[2025-05-31 20:56:19.685]# SEND ASCII>
?
[2025-05-31 20:56:19.733]# RECV HEX>
21 01 02 10 03 10 00 07 05 00 13 04 03 10 03 08 06 06 10 00 02 

[2025-05-31 20:56:19.749]# SEND ASCII>
?
[2025-05-31 20:56:19.797]# RECV HEX>
21 01 02 10 03 10 00 07 05 00 13 04 03 10 03 08 06 06 10 00 02 

[2025-05-31 20:56:19.845]# SEND ASCII>
?
[2025-05-31 20:56:19.908]# RECV HEX>
21 01 02 10 03 10 00 07 05 00 13 04 03 10 03 08 06 06 10 00 02 

[2025-05-31 20:56:19.955]# SEND ASCII>
?
[2025-05-31 20:56:20.019]# RECV HEX>
21 01 02 10 03 10 00 07 05 00 13 04 03 10 03 08 06 06 10 00 02 

[2025-05-31 20:56:20.066]# SEND ASCII>
?
[2025-05-31 20:56:20.114]# RECV HEX>
21 01 02 10 03 10 00 07 05 00 13 04 04 10 03 08 07 06 10 00 02 

[2025-05-31 20:56:20.161]# SEND ASCII>
?
[2025-05-31 20:56:20.241]# RECV HEX>
21 01 02 10 03 10 00 07 05 00 13 04 04 10 03 08 07 06 10 00 02 

[2025-05-31 20:56:20.272]# SEND ASCII>
?
[2025-05-31 20:56:20.336]# RECV HEX>
21 01 02 10 03 10 00 07 05 00 13 04 04 10 03 08 07 06 10 00 02 

[2025-05-31 20:56:20.368]# SEND ASCII>
?
[2025-05-31 20:56:20.431]# RECV HEX>
21 01 02 10 03 10 00 07 05 00 13 04 04 10 03 08 07 06 10 00 01 

[2025-05-31 20:56:20.463]# SEND ASCII>
?
[2025-05-31 20:56:20.525]# RECV HEX>
21 01 02 10 03 10 00 07 05 00 13 04 04 10 03 08 07 06 10 00 01 

[2025-05-31 20:56:20.573]# SEND ASCII>
?
[2025-05-31 20:56:20.652]# RECV HEX>
21 01 02 10 03 10 00 07 05 00 13 04 03 10 03 08 06 06 10 00 01 

[2025-05-31 20:56:20.668]# SEND ASCII>
?
[2025-05-31 20:56:20.748]# RECV HEX>
21 01 02 10 03 10 00 07 05 00 13 04 03 10 03 08 06 06 10 00 01 

[2025-05-31 20:56:20.826]# RECV HEX>
21 01 02 10 03 10 00 07 05 00 13 04 03 10 03 08 06 06 10 00 01 
